2020-11-14 11:51:34,864 ERROR 8257 [-/127.0.0.1/-/11ms GET /] nodejs.TypeError: this.config.keys.split is not a function
    at Application.get keys [as keys] (/Users/nanlan/Documents/my-project/react-project/nanlan-blog/nanlan-blog-server-egg/node_modules/egg/lib/application.js:269:37)
    at Object.get cookies [as cookies] (/Users/nanlan/Documents/my-project/react-project/nanlan-blog/nanlan-blog-server-egg/node_modules/egg/app/extend/context.js:22:66)
    at Object.get [egg-security#CSRF_SECRET] (/Users/nanlan/Documents/my-project/react-project/nanlan-blog/nanlan-blog-server-egg/node_modules/egg-security/app/extend/context.js:91:35)
    at Object.ensureCsrfSecret (/Users/nanlan/Documents/my-project/react-project/nanlan-blog/nanlan-blog-server-egg/node_modules/egg-security/app/extend/context.js:104:13)
    at csrf (/Users/nanlan/Documents/my-project/react-project/nanlan-blog/nanlan-blog-server-egg/node_modules/egg-security/lib/middlewares/csrf.js:15:11)
    at dispatch (/Users/nanlan/Documents/my-project/react-project/nanlan-blog/nanlan-blog-server-egg/node_modules/koa-compose/index.js:42:32)
    at /Users/nanlan/Documents/my-project/react-project/nanlan-blog/nanlan-blog-server-egg/node_modules/koa-compose/index.js:34:12
    at dispatch (/Users/nanlan/Documents/my-project/react-project/nanlan-blog/nanlan-blog-server-egg/node_modules/koa-compose/index.js:42:32)
    at session (/Users/nanlan/Documents/my-project/react-project/nanlan-blog/nanlan-blog-server-egg/node_modules/koa-session/index.js:41:13)
    at dispatch (/Users/nanlan/Documents/my-project/react-project/nanlan-blog/nanlan-blog-server-egg/node_modules/koa-compose/index.js:42:32)

pid: 8257
hostname: nanlandeMacBook-Pro.local

2020-11-14 11:51:40,665 ERROR 8257 [-/127.0.0.1/-/1ms GET /] nodejs.TypeError: this.config.keys.split is not a function
    at Application.get keys [as keys] (/Users/nanlan/Documents/my-project/react-project/nanlan-blog/nanlan-blog-server-egg/node_modules/egg/lib/application.js:269:37)
    at Object.get cookies [as cookies] (/Users/nanlan/Documents/my-project/react-project/nanlan-blog/nanlan-blog-server-egg/node_modules/egg/app/extend/context.js:22:66)
    at Object.get [egg-security#CSRF_SECRET] (/Users/nanlan/Documents/my-project/react-project/nanlan-blog/nanlan-blog-server-egg/node_modules/egg-security/app/extend/context.js:91:35)
    at Object.ensureCsrfSecret (/Users/nanlan/Documents/my-project/react-project/nanlan-blog/nanlan-blog-server-egg/node_modules/egg-security/app/extend/context.js:104:13)
    at csrf (/Users/nanlan/Documents/my-project/react-project/nanlan-blog/nanlan-blog-server-egg/node_modules/egg-security/lib/middlewares/csrf.js:15:11)
    at dispatch (/Users/nanlan/Documents/my-project/react-project/nanlan-blog/nanlan-blog-server-egg/node_modules/koa-compose/index.js:42:32)
    at /Users/nanlan/Documents/my-project/react-project/nanlan-blog/nanlan-blog-server-egg/node_modules/koa-compose/index.js:34:12
    at dispatch (/Users/nanlan/Documents/my-project/react-project/nanlan-blog/nanlan-blog-server-egg/node_modules/koa-compose/index.js:42:32)
    at session (/Users/nanlan/Documents/my-project/react-project/nanlan-blog/nanlan-blog-server-egg/node_modules/koa-session/index.js:41:13)
    at dispatch (/Users/nanlan/Documents/my-project/react-project/nanlan-blog/nanlan-blog-server-egg/node_modules/koa-compose/index.js:42:32)

pid: 8257
hostname: nanlandeMacBook-Pro.local

2020-11-14 11:53:41,968 ERROR 8257 [-/127.0.0.1/-/0ms GET /] nodejs.TypeError: this.config.keys.split is not a function
    at Application.get keys [as keys] (/Users/nanlan/Documents/my-project/react-project/nanlan-blog/nanlan-blog-server-egg/node_modules/egg/lib/application.js:269:37)
    at Object.get cookies [as cookies] (/Users/nanlan/Documents/my-project/react-project/nanlan-blog/nanlan-blog-server-egg/node_modules/egg/app/extend/context.js:22:66)
    at Object.get [egg-security#CSRF_SECRET] (/Users/nanlan/Documents/my-project/react-project/nanlan-blog/nanlan-blog-server-egg/node_modules/egg-security/app/extend/context.js:91:35)
    at Object.ensureCsrfSecret (/Users/nanlan/Documents/my-project/react-project/nanlan-blog/nanlan-blog-server-egg/node_modules/egg-security/app/extend/context.js:104:13)
    at csrf (/Users/nanlan/Documents/my-project/react-project/nanlan-blog/nanlan-blog-server-egg/node_modules/egg-security/lib/middlewares/csrf.js:15:11)
    at dispatch (/Users/nanlan/Documents/my-project/react-project/nanlan-blog/nanlan-blog-server-egg/node_modules/koa-compose/index.js:42:32)
    at /Users/nanlan/Documents/my-project/react-project/nanlan-blog/nanlan-blog-server-egg/node_modules/koa-compose/index.js:34:12
    at dispatch (/Users/nanlan/Documents/my-project/react-project/nanlan-blog/nanlan-blog-server-egg/node_modules/koa-compose/index.js:42:32)
    at session (/Users/nanlan/Documents/my-project/react-project/nanlan-blog/nanlan-blog-server-egg/node_modules/koa-session/index.js:41:13)
    at dispatch (/Users/nanlan/Documents/my-project/react-project/nanlan-blog/nanlan-blog-server-egg/node_modules/koa-compose/index.js:42:32)

pid: 8257
hostname: nanlandeMacBook-Pro.local

2020-11-14 12:26:07,184 ERROR 10380 [-/127.0.0.1/-/0ms GET /] nodejs.TypeError: Cannot read property 'model' of undefined
    at module.exports.app (/Users/nanlan/Documents/my-project/react-project/nanlan-blog/nanlan-blog-server-egg/app/model/article.js:19:17)
    at getExports (/Users/nanlan/Documents/my-project/react-project/nanlan-blog/nanlan-blog-server-egg/node_modules/egg-core/lib/loader/file_loader.js:220:15)
    at FileLoader.parse (/Users/nanlan/Documents/my-project/react-project/nanlan-blog/nanlan-blog-server-egg/node_modules/egg-core/lib/loader/file_loader.js:158:25)
    at FileLoader.load (/Users/nanlan/Documents/my-project/react-project/nanlan-blog/nanlan-blog-server-egg/node_modules/egg-core/lib/loader/file_loader.js:67:24)
    at AppWorkerLoader.loadToApp (/Users/nanlan/Documents/my-project/react-project/nanlan-blog/nanlan-blog-server-egg/node_modules/egg-core/lib/loader/egg_loader.js:388:25)
    at loadModelToApp (/Users/nanlan/Documents/my-project/react-project/nanlan-blog/nanlan-blog-server-egg/node_modules/egg-mongoose/lib/mongoose.js:124:14)
    at app.beforeStart (/Users/nanlan/Documents/my-project/react-project/nanlan-blog/nanlan-blog-server-egg/node_modules/egg-mongoose/lib/mongoose.js:53:7)
    at Object.callFn (/Users/nanlan/Documents/my-project/react-project/nanlan-blog/nanlan-blog-server-egg/node_modules/egg-core/lib/utils/index.js:44:42)
    at process.nextTick (/Users/nanlan/Documents/my-project/react-project/nanlan-blog/nanlan-blog-server-egg/node_modules/egg-core/lib/lifecycle.js:256:13)
    at process._tickCallback (internal/process/next_tick.js:61:11)
    at Function.Module.runMain (internal/modules/cjs/loader.js:832:11)
    at startup (internal/bootstrap/node.js:283:19)
    at bootstrapNodeJSCore (internal/bootstrap/node.js:622:3)

pid: 10380
hostname: nanlandeMacBook-Pro.local

2020-11-14 12:26:35,342 ERROR 10442 [-/127.0.0.1/-/0ms GET /] nodejs.TypeError: Cannot read property 'model' of undefined
    at module.exports.app (/Users/nanlan/Documents/my-project/react-project/nanlan-blog/nanlan-blog-server-egg/app/model/article.js:19:17)
    at getExports (/Users/nanlan/Documents/my-project/react-project/nanlan-blog/nanlan-blog-server-egg/node_modules/egg-core/lib/loader/file_loader.js:220:15)
    at FileLoader.parse (/Users/nanlan/Documents/my-project/react-project/nanlan-blog/nanlan-blog-server-egg/node_modules/egg-core/lib/loader/file_loader.js:158:25)
    at FileLoader.load (/Users/nanlan/Documents/my-project/react-project/nanlan-blog/nanlan-blog-server-egg/node_modules/egg-core/lib/loader/file_loader.js:67:24)
    at AppWorkerLoader.loadToApp (/Users/nanlan/Documents/my-project/react-project/nanlan-blog/nanlan-blog-server-egg/node_modules/egg-core/lib/loader/egg_loader.js:388:25)
    at loadModelToApp (/Users/nanlan/Documents/my-project/react-project/nanlan-blog/nanlan-blog-server-egg/node_modules/egg-mongoose/lib/mongoose.js:124:14)
    at app.beforeStart (/Users/nanlan/Documents/my-project/react-project/nanlan-blog/nanlan-blog-server-egg/node_modules/egg-mongoose/lib/mongoose.js:53:7)
    at Object.callFn (/Users/nanlan/Documents/my-project/react-project/nanlan-blog/nanlan-blog-server-egg/node_modules/egg-core/lib/utils/index.js:44:42)
    at process.nextTick (/Users/nanlan/Documents/my-project/react-project/nanlan-blog/nanlan-blog-server-egg/node_modules/egg-core/lib/lifecycle.js:256:13)
    at process._tickCallback (internal/process/next_tick.js:61:11)
    at Function.Module.runMain (internal/modules/cjs/loader.js:832:11)
    at startup (internal/bootstrap/node.js:283:19)
    at bootstrapNodeJSCore (internal/bootstrap/node.js:622:3)

pid: 10442
hostname: nanlandeMacBook-Pro.local

2020-11-14 12:31:49,995 ERROR 10728 [-/127.0.0.1/-/0ms GET /] nodejs.TypeError: Cannot read property 'model' of undefined
    at module.exports.app (/Users/nanlan/Documents/my-project/react-project/nanlan-blog/nanlan-blog-server-egg/app/model/article.js:19:17)
    at getExports (/Users/nanlan/Documents/my-project/react-project/nanlan-blog/nanlan-blog-server-egg/node_modules/egg-core/lib/loader/file_loader.js:220:15)
    at FileLoader.parse (/Users/nanlan/Documents/my-project/react-project/nanlan-blog/nanlan-blog-server-egg/node_modules/egg-core/lib/loader/file_loader.js:158:25)
    at FileLoader.load (/Users/nanlan/Documents/my-project/react-project/nanlan-blog/nanlan-blog-server-egg/node_modules/egg-core/lib/loader/file_loader.js:67:24)
    at AppWorkerLoader.loadToApp (/Users/nanlan/Documents/my-project/react-project/nanlan-blog/nanlan-blog-server-egg/node_modules/egg-core/lib/loader/egg_loader.js:388:25)
    at loadModelToApp (/Users/nanlan/Documents/my-project/react-project/nanlan-blog/nanlan-blog-server-egg/node_modules/egg-mongoose/lib/mongoose.js:124:14)
    at app.beforeStart (/Users/nanlan/Documents/my-project/react-project/nanlan-blog/nanlan-blog-server-egg/node_modules/egg-mongoose/lib/mongoose.js:53:7)
    at Object.callFn (/Users/nanlan/Documents/my-project/react-project/nanlan-blog/nanlan-blog-server-egg/node_modules/egg-core/lib/utils/index.js:44:42)
    at process.nextTick (/Users/nanlan/Documents/my-project/react-project/nanlan-blog/nanlan-blog-server-egg/node_modules/egg-core/lib/lifecycle.js:256:13)
    at process._tickCallback (internal/process/next_tick.js:61:11)
    at Function.Module.runMain (internal/modules/cjs/loader.js:832:11)
    at startup (internal/bootstrap/node.js:283:19)
    at bootstrapNodeJSCore (internal/bootstrap/node.js:622:3)

pid: 10728
hostname: nanlandeMacBook-Pro.local

2020-11-14 12:32:59,160 ERROR 10823 [-/127.0.0.1/-/0ms GET /] nodejs.TypeError: Cannot read property 'model' of undefined
    at module.exports.app (/Users/nanlan/Documents/my-project/react-project/nanlan-blog/nanlan-blog-server-egg/app/model/article.js:19:17)
    at getExports (/Users/nanlan/Documents/my-project/react-project/nanlan-blog/nanlan-blog-server-egg/node_modules/egg-core/lib/loader/file_loader.js:220:15)
    at FileLoader.parse (/Users/nanlan/Documents/my-project/react-project/nanlan-blog/nanlan-blog-server-egg/node_modules/egg-core/lib/loader/file_loader.js:158:25)
    at FileLoader.load (/Users/nanlan/Documents/my-project/react-project/nanlan-blog/nanlan-blog-server-egg/node_modules/egg-core/lib/loader/file_loader.js:67:24)
    at AppWorkerLoader.loadToApp (/Users/nanlan/Documents/my-project/react-project/nanlan-blog/nanlan-blog-server-egg/node_modules/egg-core/lib/loader/egg_loader.js:388:25)
    at loadModelToApp (/Users/nanlan/Documents/my-project/react-project/nanlan-blog/nanlan-blog-server-egg/node_modules/egg-mongoose/lib/mongoose.js:124:14)
    at app.beforeStart (/Users/nanlan/Documents/my-project/react-project/nanlan-blog/nanlan-blog-server-egg/node_modules/egg-mongoose/lib/mongoose.js:53:7)
    at Object.callFn (/Users/nanlan/Documents/my-project/react-project/nanlan-blog/nanlan-blog-server-egg/node_modules/egg-core/lib/utils/index.js:44:42)
    at process.nextTick (/Users/nanlan/Documents/my-project/react-project/nanlan-blog/nanlan-blog-server-egg/node_modules/egg-core/lib/lifecycle.js:256:13)
    at process._tickCallback (internal/process/next_tick.js:61:11)
    at Function.Module.runMain (internal/modules/cjs/loader.js:832:11)
    at startup (internal/bootstrap/node.js:283:19)
    at bootstrapNodeJSCore (internal/bootstrap/node.js:622:3)

pid: 10823
hostname: nanlandeMacBook-Pro.local

2020-11-14 12:41:52,637 ERROR 11271 [-/127.0.0.1/-/0ms GET /] nodejs.TypeError: Cannot read property 'model' of undefined
    at module.exports.app (/Users/nanlan/Documents/my-project/react-project/nanlan-blog/nanlan-blog-server-egg/app/model/article.js:19:17)
    at getExports (/Users/nanlan/Documents/my-project/react-project/nanlan-blog/nanlan-blog-server-egg/node_modules/egg-core/lib/loader/file_loader.js:220:15)
    at FileLoader.parse (/Users/nanlan/Documents/my-project/react-project/nanlan-blog/nanlan-blog-server-egg/node_modules/egg-core/lib/loader/file_loader.js:158:25)
    at FileLoader.load (/Users/nanlan/Documents/my-project/react-project/nanlan-blog/nanlan-blog-server-egg/node_modules/egg-core/lib/loader/file_loader.js:67:24)
    at AppWorkerLoader.loadToApp (/Users/nanlan/Documents/my-project/react-project/nanlan-blog/nanlan-blog-server-egg/node_modules/egg-core/lib/loader/egg_loader.js:388:25)
    at loadModelToApp (/Users/nanlan/Documents/my-project/react-project/nanlan-blog/nanlan-blog-server-egg/node_modules/egg-mongoose/lib/mongoose.js:124:14)
    at app.beforeStart (/Users/nanlan/Documents/my-project/react-project/nanlan-blog/nanlan-blog-server-egg/node_modules/egg-mongoose/lib/mongoose.js:53:7)
    at Object.callFn (/Users/nanlan/Documents/my-project/react-project/nanlan-blog/nanlan-blog-server-egg/node_modules/egg-core/lib/utils/index.js:44:42)
    at process.nextTick (/Users/nanlan/Documents/my-project/react-project/nanlan-blog/nanlan-blog-server-egg/node_modules/egg-core/lib/lifecycle.js:256:13)
    at process._tickCallback (internal/process/next_tick.js:61:11)
    at Function.Module.runMain (internal/modules/cjs/loader.js:832:11)
    at startup (internal/bootstrap/node.js:283:19)
    at bootstrapNodeJSCore (internal/bootstrap/node.js:622:3)

pid: 11271
hostname: nanlandeMacBook-Pro.local

2020-11-14 12:42:18,874 ERROR 11334 [-/127.0.0.1/-/0ms GET /] nodejs.TypeError: Cannot read property 'model' of undefined
    at module.exports.app (/Users/nanlan/Documents/my-project/react-project/nanlan-blog/nanlan-blog-server-egg/app/model/article.js:19:17)
    at getExports (/Users/nanlan/Documents/my-project/react-project/nanlan-blog/nanlan-blog-server-egg/node_modules/egg-core/lib/loader/file_loader.js:220:15)
    at FileLoader.parse (/Users/nanlan/Documents/my-project/react-project/nanlan-blog/nanlan-blog-server-egg/node_modules/egg-core/lib/loader/file_loader.js:158:25)
    at FileLoader.load (/Users/nanlan/Documents/my-project/react-project/nanlan-blog/nanlan-blog-server-egg/node_modules/egg-core/lib/loader/file_loader.js:67:24)
    at AppWorkerLoader.loadToApp (/Users/nanlan/Documents/my-project/react-project/nanlan-blog/nanlan-blog-server-egg/node_modules/egg-core/lib/loader/egg_loader.js:388:25)
    at loadModelToApp (/Users/nanlan/Documents/my-project/react-project/nanlan-blog/nanlan-blog-server-egg/node_modules/egg-mongoose/lib/mongoose.js:124:14)
    at app.beforeStart (/Users/nanlan/Documents/my-project/react-project/nanlan-blog/nanlan-blog-server-egg/node_modules/egg-mongoose/lib/mongoose.js:53:7)
    at Object.callFn (/Users/nanlan/Documents/my-project/react-project/nanlan-blog/nanlan-blog-server-egg/node_modules/egg-core/lib/utils/index.js:44:42)
    at process.nextTick (/Users/nanlan/Documents/my-project/react-project/nanlan-blog/nanlan-blog-server-egg/node_modules/egg-core/lib/lifecycle.js:256:13)
    at process._tickCallback (internal/process/next_tick.js:61:11)
    at Function.Module.runMain (internal/modules/cjs/loader.js:832:11)
    at startup (internal/bootstrap/node.js:283:19)
    at bootstrapNodeJSCore (internal/bootstrap/node.js:622:3)

pid: 11334
hostname: nanlandeMacBook-Pro.local

2020-11-14 12:44:51,731 ERROR 11538 [-/127.0.0.1/-/0ms GET /] nodejs.TypeError: Cannot read property 'model' of undefined
    at module.exports.app (/Users/nanlan/Documents/my-project/react-project/nanlan-blog/nanlan-blog-server-egg/app/model/article.js:19:17)
    at getExports (/Users/nanlan/Documents/my-project/react-project/nanlan-blog/nanlan-blog-server-egg/node_modules/egg-core/lib/loader/file_loader.js:220:15)
    at FileLoader.parse (/Users/nanlan/Documents/my-project/react-project/nanlan-blog/nanlan-blog-server-egg/node_modules/egg-core/lib/loader/file_loader.js:158:25)
    at FileLoader.load (/Users/nanlan/Documents/my-project/react-project/nanlan-blog/nanlan-blog-server-egg/node_modules/egg-core/lib/loader/file_loader.js:67:24)
    at AppWorkerLoader.loadToApp (/Users/nanlan/Documents/my-project/react-project/nanlan-blog/nanlan-blog-server-egg/node_modules/egg-core/lib/loader/egg_loader.js:388:25)
    at loadModelToApp (/Users/nanlan/Documents/my-project/react-project/nanlan-blog/nanlan-blog-server-egg/node_modules/egg-mongoose/lib/mongoose.js:124:14)
    at app.beforeStart (/Users/nanlan/Documents/my-project/react-project/nanlan-blog/nanlan-blog-server-egg/node_modules/egg-mongoose/lib/mongoose.js:53:7)
    at Object.callFn (/Users/nanlan/Documents/my-project/react-project/nanlan-blog/nanlan-blog-server-egg/node_modules/egg-core/lib/utils/index.js:44:42)
    at process.nextTick (/Users/nanlan/Documents/my-project/react-project/nanlan-blog/nanlan-blog-server-egg/node_modules/egg-core/lib/lifecycle.js:256:13)
    at process._tickCallback (internal/process/next_tick.js:61:11)
    at Function.Module.runMain (internal/modules/cjs/loader.js:832:11)
    at startup (internal/bootstrap/node.js:283:19)
    at bootstrapNodeJSCore (internal/bootstrap/node.js:622:3)

pid: 11538
hostname: nanlandeMacBook-Pro.local

2020-11-14 12:45:50,456 ERROR 11607 [-/127.0.0.1/-/0ms GET /] nodejs.TypeError: Cannot read property 'model' of undefined
    at module.exports.app (/Users/nanlan/Documents/my-project/react-project/nanlan-blog/nanlan-blog-server-egg/app/model/article.js:32:17)
    at getExports (/Users/nanlan/Documents/my-project/react-project/nanlan-blog/nanlan-blog-server-egg/node_modules/egg-core/lib/loader/file_loader.js:220:15)
    at FileLoader.parse (/Users/nanlan/Documents/my-project/react-project/nanlan-blog/nanlan-blog-server-egg/node_modules/egg-core/lib/loader/file_loader.js:158:25)
    at FileLoader.load (/Users/nanlan/Documents/my-project/react-project/nanlan-blog/nanlan-blog-server-egg/node_modules/egg-core/lib/loader/file_loader.js:67:24)
    at AppWorkerLoader.loadToApp (/Users/nanlan/Documents/my-project/react-project/nanlan-blog/nanlan-blog-server-egg/node_modules/egg-core/lib/loader/egg_loader.js:388:25)
    at loadModelToApp (/Users/nanlan/Documents/my-project/react-project/nanlan-blog/nanlan-blog-server-egg/node_modules/egg-mongoose/lib/mongoose.js:124:14)
    at app.beforeStart (/Users/nanlan/Documents/my-project/react-project/nanlan-blog/nanlan-blog-server-egg/node_modules/egg-mongoose/lib/mongoose.js:53:7)
    at Object.callFn (/Users/nanlan/Documents/my-project/react-project/nanlan-blog/nanlan-blog-server-egg/node_modules/egg-core/lib/utils/index.js:44:42)
    at process.nextTick (/Users/nanlan/Documents/my-project/react-project/nanlan-blog/nanlan-blog-server-egg/node_modules/egg-core/lib/lifecycle.js:256:13)
    at process._tickCallback (internal/process/next_tick.js:61:11)
    at Function.Module.runMain (internal/modules/cjs/loader.js:832:11)
    at startup (internal/bootstrap/node.js:283:19)
    at bootstrapNodeJSCore (internal/bootstrap/node.js:622:3)

pid: 11607
hostname: nanlandeMacBook-Pro.local

2020-11-14 12:48:07,183 ERROR 11868 [-/127.0.0.1/-/0ms GET /] nodejs.TypeError: Cannot read property 'model' of undefined
    at module.exports.app (/Users/nanlan/Documents/my-project/react-project/nanlan-blog/nanlan-blog-server-egg/app/model/article.js:32:17)
    at getExports (/Users/nanlan/Documents/my-project/react-project/nanlan-blog/nanlan-blog-server-egg/node_modules/egg-core/lib/loader/file_loader.js:220:15)
    at FileLoader.parse (/Users/nanlan/Documents/my-project/react-project/nanlan-blog/nanlan-blog-server-egg/node_modules/egg-core/lib/loader/file_loader.js:158:25)
    at FileLoader.load (/Users/nanlan/Documents/my-project/react-project/nanlan-blog/nanlan-blog-server-egg/node_modules/egg-core/lib/loader/file_loader.js:67:24)
    at AppWorkerLoader.loadToApp (/Users/nanlan/Documents/my-project/react-project/nanlan-blog/nanlan-blog-server-egg/node_modules/egg-core/lib/loader/egg_loader.js:388:25)
    at loadModelToApp (/Users/nanlan/Documents/my-project/react-project/nanlan-blog/nanlan-blog-server-egg/node_modules/egg-mongoose/lib/mongoose.js:124:14)
    at app.beforeStart (/Users/nanlan/Documents/my-project/react-project/nanlan-blog/nanlan-blog-server-egg/node_modules/egg-mongoose/lib/mongoose.js:53:7)
    at Object.callFn (/Users/nanlan/Documents/my-project/react-project/nanlan-blog/nanlan-blog-server-egg/node_modules/egg-core/lib/utils/index.js:44:42)
    at process.nextTick (/Users/nanlan/Documents/my-project/react-project/nanlan-blog/nanlan-blog-server-egg/node_modules/egg-core/lib/lifecycle.js:256:13)
    at process._tickCallback (internal/process/next_tick.js:61:11)
    at Function.Module.runMain (internal/modules/cjs/loader.js:832:11)
    at startup (internal/bootstrap/node.js:283:19)
    at bootstrapNodeJSCore (internal/bootstrap/node.js:622:3)

pid: 11868
hostname: nanlandeMacBook-Pro.local

2020-11-14 12:49:27,627 ERROR 11965 [-/127.0.0.1/-/0ms GET /] nodejs.TypeError: Cannot read property 'model' of undefined
    at module.exports.app (/Users/nanlan/Documents/my-project/react-project/nanlan-blog/nanlan-blog-server-egg/app/model/article.js:32:17)
    at getExports (/Users/nanlan/Documents/my-project/react-project/nanlan-blog/nanlan-blog-server-egg/node_modules/egg-core/lib/loader/file_loader.js:220:15)
    at FileLoader.parse (/Users/nanlan/Documents/my-project/react-project/nanlan-blog/nanlan-blog-server-egg/node_modules/egg-core/lib/loader/file_loader.js:158:25)
    at FileLoader.load (/Users/nanlan/Documents/my-project/react-project/nanlan-blog/nanlan-blog-server-egg/node_modules/egg-core/lib/loader/file_loader.js:67:24)
    at AppWorkerLoader.loadToApp (/Users/nanlan/Documents/my-project/react-project/nanlan-blog/nanlan-blog-server-egg/node_modules/egg-core/lib/loader/egg_loader.js:388:25)
    at loadModelToApp (/Users/nanlan/Documents/my-project/react-project/nanlan-blog/nanlan-blog-server-egg/node_modules/egg-mongoose/lib/mongoose.js:124:14)
    at app.beforeStart (/Users/nanlan/Documents/my-project/react-project/nanlan-blog/nanlan-blog-server-egg/node_modules/egg-mongoose/lib/mongoose.js:53:7)
    at Object.callFn (/Users/nanlan/Documents/my-project/react-project/nanlan-blog/nanlan-blog-server-egg/node_modules/egg-core/lib/utils/index.js:44:42)
    at process.nextTick (/Users/nanlan/Documents/my-project/react-project/nanlan-blog/nanlan-blog-server-egg/node_modules/egg-core/lib/lifecycle.js:256:13)
    at process._tickCallback (internal/process/next_tick.js:61:11)
    at Function.Module.runMain (internal/modules/cjs/loader.js:832:11)
    at startup (internal/bootstrap/node.js:283:19)
    at bootstrapNodeJSCore (internal/bootstrap/node.js:622:3)

pid: 11965
hostname: nanlandeMacBook-Pro.local

2020-11-14 12:49:43,704 ERROR 12014 [-/127.0.0.1/-/0ms GET /] nodejs.TypeError: Cannot read property 'model' of undefined
    at module.exports.app (/Users/nanlan/Documents/my-project/react-project/nanlan-blog/nanlan-blog-server-egg/app/model/article.js:32:17)
    at getExports (/Users/nanlan/Documents/my-project/react-project/nanlan-blog/nanlan-blog-server-egg/node_modules/egg-core/lib/loader/file_loader.js:220:15)
    at FileLoader.parse (/Users/nanlan/Documents/my-project/react-project/nanlan-blog/nanlan-blog-server-egg/node_modules/egg-core/lib/loader/file_loader.js:158:25)
    at FileLoader.load (/Users/nanlan/Documents/my-project/react-project/nanlan-blog/nanlan-blog-server-egg/node_modules/egg-core/lib/loader/file_loader.js:67:24)
    at AppWorkerLoader.loadToApp (/Users/nanlan/Documents/my-project/react-project/nanlan-blog/nanlan-blog-server-egg/node_modules/egg-core/lib/loader/egg_loader.js:388:25)
    at loadModelToApp (/Users/nanlan/Documents/my-project/react-project/nanlan-blog/nanlan-blog-server-egg/node_modules/egg-mongoose/lib/mongoose.js:124:14)
    at app.beforeStart (/Users/nanlan/Documents/my-project/react-project/nanlan-blog/nanlan-blog-server-egg/node_modules/egg-mongoose/lib/mongoose.js:53:7)
    at Object.callFn (/Users/nanlan/Documents/my-project/react-project/nanlan-blog/nanlan-blog-server-egg/node_modules/egg-core/lib/utils/index.js:44:42)
    at process.nextTick (/Users/nanlan/Documents/my-project/react-project/nanlan-blog/nanlan-blog-server-egg/node_modules/egg-core/lib/lifecycle.js:256:13)
    at process._tickCallback (internal/process/next_tick.js:61:11)
    at Function.Module.runMain (internal/modules/cjs/loader.js:832:11)
    at startup (internal/bootstrap/node.js:283:19)
    at bootstrapNodeJSCore (internal/bootstrap/node.js:622:3)

pid: 12014
hostname: nanlandeMacBook-Pro.local

2020-11-14 12:51:56,052 ERROR 12183 [-/127.0.0.1/-/0ms GET /] nodejs.TypeError: Cannot read property 'model' of undefined
    at module.exports.app (/Users/nanlan/Documents/my-project/react-project/nanlan-blog/nanlan-blog-server-egg/app/model/article.js:32:17)
    at getExports (/Users/nanlan/Documents/my-project/react-project/nanlan-blog/nanlan-blog-server-egg/node_modules/egg-core/lib/loader/file_loader.js:220:15)
    at FileLoader.parse (/Users/nanlan/Documents/my-project/react-project/nanlan-blog/nanlan-blog-server-egg/node_modules/egg-core/lib/loader/file_loader.js:158:25)
    at FileLoader.load (/Users/nanlan/Documents/my-project/react-project/nanlan-blog/nanlan-blog-server-egg/node_modules/egg-core/lib/loader/file_loader.js:67:24)
    at AppWorkerLoader.loadToApp (/Users/nanlan/Documents/my-project/react-project/nanlan-blog/nanlan-blog-server-egg/node_modules/egg-core/lib/loader/egg_loader.js:388:25)
    at loadModelToApp (/Users/nanlan/Documents/my-project/react-project/nanlan-blog/nanlan-blog-server-egg/node_modules/egg-mongoose/lib/mongoose.js:124:14)
    at app.beforeStart (/Users/nanlan/Documents/my-project/react-project/nanlan-blog/nanlan-blog-server-egg/node_modules/egg-mongoose/lib/mongoose.js:53:7)
    at Object.callFn (/Users/nanlan/Documents/my-project/react-project/nanlan-blog/nanlan-blog-server-egg/node_modules/egg-core/lib/utils/index.js:44:42)
    at process.nextTick (/Users/nanlan/Documents/my-project/react-project/nanlan-blog/nanlan-blog-server-egg/node_modules/egg-core/lib/lifecycle.js:256:13)
    at process._tickCallback (internal/process/next_tick.js:61:11)
    at Function.Module.runMain (internal/modules/cjs/loader.js:832:11)
    at startup (internal/bootstrap/node.js:283:19)
    at bootstrapNodeJSCore (internal/bootstrap/node.js:622:3)

pid: 12183
hostname: nanlandeMacBook-Pro.local

2020-11-14 12:53:50,308 ERROR 12347 [-/127.0.0.1/-/12ms GET /] nodejs.TypeError: Cannot read property 'find' of undefined
    at ArticleService.list (/Users/nanlan/Documents/my-project/react-project/nanlan-blog/nanlan-blog-server-egg/app/service/article.js:6:40)
    at HomeController.index (/Users/nanlan/Documents/my-project/react-project/nanlan-blog/nanlan-blog-server-egg/app/controller/home.js:5:52)
    at Object.callFn (/Users/nanlan/Documents/my-project/react-project/nanlan-blog/nanlan-blog-server-egg/node_modules/egg-core/lib/utils/index.js:44:21)
    at Object.classControllerMiddleware (/Users/nanlan/Documents/my-project/react-project/nanlan-blog/nanlan-blog-server-egg/node_modules/egg-core/lib/loader/mixin/controller.js:87:20)
    at Object.callFn (/Users/nanlan/Documents/my-project/react-project/nanlan-blog/nanlan-blog-server-egg/node_modules/@eggjs/router/lib/utils.js:12:21)
    at wrappedController (/Users/nanlan/Documents/my-project/react-project/nanlan-blog/nanlan-blog-server-egg/node_modules/@eggjs/router/lib/egg_router.js:322:18)
    at dispatch (/Users/nanlan/Documents/my-project/react-project/nanlan-blog/nanlan-blog-server-egg/node_modules/@eggjs/router/node_modules/koa-compose/index.js:44:32)
    at next (/Users/nanlan/Documents/my-project/react-project/nanlan-blog/nanlan-blog-server-egg/node_modules/@eggjs/router/node_modules/koa-compose/index.js:45:18)
    at /Users/nanlan/Documents/my-project/react-project/nanlan-blog/nanlan-blog-server-egg/node_modules/@eggjs/router/lib/router.js:190:18
    at dispatch (/Users/nanlan/Documents/my-project/react-project/nanlan-blog/nanlan-blog-server-egg/node_modules/@eggjs/router/node_modules/koa-compose/index.js:44:32)
    at /Users/nanlan/Documents/my-project/react-project/nanlan-blog/nanlan-blog-server-egg/node_modules/@eggjs/router/node_modules/koa-compose/index.js:36:12
    at dispatch (/Users/nanlan/Documents/my-project/react-project/nanlan-blog/nanlan-blog-server-egg/node_modules/@eggjs/router/lib/router.js:195:33)
    at dispatch (/Users/nanlan/Documents/my-project/react-project/nanlan-blog/nanlan-blog-server-egg/node_modules/koa-compose/index.js:42:32)
    at /Users/nanlan/Documents/my-project/react-project/nanlan-blog/nanlan-blog-server-egg/node_modules/egg-development/app/middleware/egg_loader_trace.js:9:56
    at dispatch (/Users/nanlan/Documents/my-project/react-project/nanlan-blog/nanlan-blog-server-egg/node_modules/koa-compose/index.js:42:32)
    at i18n (/Users/nanlan/Documents/my-project/react-project/nanlan-blog/nanlan-blog-server-egg/node_modules/egg-i18n/app/middleware/i18n.js:13:12)

pid: 12347
hostname: nanlandeMacBook-Pro.local

2020-11-14 13:07:24,523 ERROR 13322 [-/127.0.0.1/-/36ms GET /] nodejs.TypeError: query.limit is not a function
    at ArticleService.list (/Users/nanlan/Documents/my-project/react-project/nanlan-blog/nanlan-blog-server-egg/app/service/article.js:7:15)
    at process._tickCallback (internal/process/next_tick.js:68:7)

pid: 13322
hostname: nanlandeMacBook-Pro.local

2020-11-14 13:09:35,614 ERROR 13433 [-/127.0.0.1/-/8ms GET /] nodejs.TypeError: this.ctx.model.Article.find(...).sor is not a function
    at ArticleService.list (/Users/nanlan/Documents/my-project/react-project/nanlan-blog/nanlan-blog-server-egg/app/service/article.js:6:59)
    at HomeController.index (/Users/nanlan/Documents/my-project/react-project/nanlan-blog/nanlan-blog-server-egg/app/controller/home.js:5:52)
    at Object.callFn (/Users/nanlan/Documents/my-project/react-project/nanlan-blog/nanlan-blog-server-egg/node_modules/egg-core/lib/utils/index.js:44:21)
    at Object.classControllerMiddleware (/Users/nanlan/Documents/my-project/react-project/nanlan-blog/nanlan-blog-server-egg/node_modules/egg-core/lib/loader/mixin/controller.js:87:20)
    at Object.callFn (/Users/nanlan/Documents/my-project/react-project/nanlan-blog/nanlan-blog-server-egg/node_modules/@eggjs/router/lib/utils.js:12:21)
    at wrappedController (/Users/nanlan/Documents/my-project/react-project/nanlan-blog/nanlan-blog-server-egg/node_modules/@eggjs/router/lib/egg_router.js:322:18)
    at dispatch (/Users/nanlan/Documents/my-project/react-project/nanlan-blog/nanlan-blog-server-egg/node_modules/@eggjs/router/node_modules/koa-compose/index.js:44:32)
    at next (/Users/nanlan/Documents/my-project/react-project/nanlan-blog/nanlan-blog-server-egg/node_modules/@eggjs/router/node_modules/koa-compose/index.js:45:18)
    at /Users/nanlan/Documents/my-project/react-project/nanlan-blog/nanlan-blog-server-egg/node_modules/@eggjs/router/lib/router.js:190:18
    at dispatch (/Users/nanlan/Documents/my-project/react-project/nanlan-blog/nanlan-blog-server-egg/node_modules/@eggjs/router/node_modules/koa-compose/index.js:44:32)
    at /Users/nanlan/Documents/my-project/react-project/nanlan-blog/nanlan-blog-server-egg/node_modules/@eggjs/router/node_modules/koa-compose/index.js:36:12
    at dispatch (/Users/nanlan/Documents/my-project/react-project/nanlan-blog/nanlan-blog-server-egg/node_modules/@eggjs/router/lib/router.js:195:33)
    at dispatch (/Users/nanlan/Documents/my-project/react-project/nanlan-blog/nanlan-blog-server-egg/node_modules/koa-compose/index.js:42:32)
    at /Users/nanlan/Documents/my-project/react-project/nanlan-blog/nanlan-blog-server-egg/node_modules/egg-development/app/middleware/egg_loader_trace.js:9:56
    at dispatch (/Users/nanlan/Documents/my-project/react-project/nanlan-blog/nanlan-blog-server-egg/node_modules/koa-compose/index.js:42:32)
    at i18n (/Users/nanlan/Documents/my-project/react-project/nanlan-blog/nanlan-blog-server-egg/node_modules/egg-i18n/app/middleware/i18n.js:13:12)

pid: 13433
hostname: nanlandeMacBook-Pro.local

2020-11-14 13:36:21,212 ERROR 15735 [-/::1/-/41ms POST /article/list] nodejs.ReferenceError: isInnerIp is not defined
    at ignore (/Users/nanlan/Documents/my-project/react-project/nanlan-blog/nanlan-blog-server-egg/config/config.default.js:15:20)
    at Object.pathMatch [as matching] (/Users/nanlan/Documents/my-project/react-project/nanlan-blog/nanlan-blog-server-egg/node_modules/egg-path-matching/index.js:13:21)
    at Object.checkIfIgnore (/Users/nanlan/Documents/my-project/react-project/nanlan-blog/nanlan-blog-server-egg/node_modules/egg-security/lib/utils.js:56:16)
    at csrf (/Users/nanlan/Documents/my-project/react-project/nanlan-blog/nanlan-blog-server-egg/node_modules/egg-security/lib/middlewares/csrf.js:9:15)
    at dispatch (/Users/nanlan/Documents/my-project/react-project/nanlan-blog/nanlan-blog-server-egg/node_modules/koa-compose/index.js:42:32)
    at /Users/nanlan/Documents/my-project/react-project/nanlan-blog/nanlan-blog-server-egg/node_modules/koa-compose/index.js:34:12
    at dispatch (/Users/nanlan/Documents/my-project/react-project/nanlan-blog/nanlan-blog-server-egg/node_modules/koa-compose/index.js:42:32)
    at session (/Users/nanlan/Documents/my-project/react-project/nanlan-blog/nanlan-blog-server-egg/node_modules/koa-session/index.js:41:13)
    at dispatch (/Users/nanlan/Documents/my-project/react-project/nanlan-blog/nanlan-blog-server-egg/node_modules/koa-compose/index.js:42:32)
    at overrideMethod (/Users/nanlan/Documents/my-project/react-project/nanlan-blog/nanlan-blog-server-egg/node_modules/koa-override/index.js:38:12)
    at dispatch (/Users/nanlan/Documents/my-project/react-project/nanlan-blog/nanlan-blog-server-egg/node_modules/koa-compose/index.js:42:32)
    at bodyParser (/Users/nanlan/Documents/my-project/react-project/nanlan-blog/nanlan-blog-server-egg/node_modules/koa-bodyparser/index.js:95:11)
    at process._tickCallback (internal/process/next_tick.js:68:7)

pid: 15735
hostname: nanlandeMacBook-Pro.local

2020-11-14 13:38:39,498 ERROR 15946 [-/::1/-/4ms POST /article/list] nodejs.ReferenceError: ctx is not defined
    at ArticleController.list (/Users/nanlan/Documents/my-project/react-project/nanlan-blog/nanlan-blog-server-egg/app/controller/article.js:6:15)
    at Object.callFn (/Users/nanlan/Documents/my-project/react-project/nanlan-blog/nanlan-blog-server-egg/node_modules/egg-core/lib/utils/index.js:44:21)
    at Object.classControllerMiddleware (/Users/nanlan/Documents/my-project/react-project/nanlan-blog/nanlan-blog-server-egg/node_modules/egg-core/lib/loader/mixin/controller.js:87:20)
    at Object.callFn (/Users/nanlan/Documents/my-project/react-project/nanlan-blog/nanlan-blog-server-egg/node_modules/@eggjs/router/lib/utils.js:12:21)
    at wrappedController (/Users/nanlan/Documents/my-project/react-project/nanlan-blog/nanlan-blog-server-egg/node_modules/@eggjs/router/lib/egg_router.js:322:18)
    at dispatch (/Users/nanlan/Documents/my-project/react-project/nanlan-blog/nanlan-blog-server-egg/node_modules/@eggjs/router/node_modules/koa-compose/index.js:44:32)
    at next (/Users/nanlan/Documents/my-project/react-project/nanlan-blog/nanlan-blog-server-egg/node_modules/@eggjs/router/node_modules/koa-compose/index.js:45:18)
    at /Users/nanlan/Documents/my-project/react-project/nanlan-blog/nanlan-blog-server-egg/node_modules/@eggjs/router/lib/router.js:190:18
    at dispatch (/Users/nanlan/Documents/my-project/react-project/nanlan-blog/nanlan-blog-server-egg/node_modules/@eggjs/router/node_modules/koa-compose/index.js:44:32)
    at /Users/nanlan/Documents/my-project/react-project/nanlan-blog/nanlan-blog-server-egg/node_modules/@eggjs/router/node_modules/koa-compose/index.js:36:12
    at dispatch (/Users/nanlan/Documents/my-project/react-project/nanlan-blog/nanlan-blog-server-egg/node_modules/@eggjs/router/lib/router.js:195:33)
    at dispatch (/Users/nanlan/Documents/my-project/react-project/nanlan-blog/nanlan-blog-server-egg/node_modules/koa-compose/index.js:42:32)
    at /Users/nanlan/Documents/my-project/react-project/nanlan-blog/nanlan-blog-server-egg/node_modules/egg-development/app/middleware/egg_loader_trace.js:9:56
    at dispatch (/Users/nanlan/Documents/my-project/react-project/nanlan-blog/nanlan-blog-server-egg/node_modules/koa-compose/index.js:42:32)
    at i18n (/Users/nanlan/Documents/my-project/react-project/nanlan-blog/nanlan-blog-server-egg/node_modules/egg-i18n/app/middleware/i18n.js:13:12)
    at dispatch (/Users/nanlan/Documents/my-project/react-project/nanlan-blog/nanlan-blog-server-egg/node_modules/koa-compose/index.js:42:32)

pid: 15946
hostname: nanlandeMacBook-Pro.local

2020-11-14 17:53:05,787 ERROR 15731 nodejs.ClusterClientNoResponseError: client no response in 14556757ms exceeding maxIdleTime 60000ms, maybe the connection is close on other side.
    at Timeout.Leader._heartbeatTimer.setInterval [as _onTimeout] (/Users/nanlan/Documents/my-project/react-project/nanlan-blog/nanlan-blog-server-egg/node_modules/cluster-client/lib/leader.js:77:23)
    at ontimeout (timers.js:436:11)
    at tryOnTimeout (timers.js:300:5)
    at listOnTimeout (timers.js:263:5)
    at Timer.processTimers (timers.js:223:10)
name: "ClusterClientNoResponseError"
pid: 15731
hostname: nanlandeMacBook-Pro.local

2020-11-19 22:33:55,105 ERROR 63145 [-/::1/-/7ms POST /article/save] nodejs.TypeError: this.ctx.model.Article.save is not a function
    at ArticleService.save (/Users/nanlan/Documents/my-project/react-project/nanlan-blog/nanlan-blog-server-egg/app/service/article.js:12:45)
    at ArticleController.save (/Users/nanlan/Documents/my-project/react-project/nanlan-blog/nanlan-blog-server-egg/app/controller/article.js:7:69)
    at Object.callFn (/Users/nanlan/Documents/my-project/react-project/nanlan-blog/nanlan-blog-server-egg/node_modules/egg-core/lib/utils/index.js:44:21)
    at Object.classControllerMiddleware (/Users/nanlan/Documents/my-project/react-project/nanlan-blog/nanlan-blog-server-egg/node_modules/egg-core/lib/loader/mixin/controller.js:87:20)
    at Object.callFn (/Users/nanlan/Documents/my-project/react-project/nanlan-blog/nanlan-blog-server-egg/node_modules/@eggjs/router/lib/utils.js:12:21)
    at wrappedController (/Users/nanlan/Documents/my-project/react-project/nanlan-blog/nanlan-blog-server-egg/node_modules/@eggjs/router/lib/egg_router.js:322:18)
    at dispatch (/Users/nanlan/Documents/my-project/react-project/nanlan-blog/nanlan-blog-server-egg/node_modules/@eggjs/router/node_modules/koa-compose/index.js:44:32)
    at next (/Users/nanlan/Documents/my-project/react-project/nanlan-blog/nanlan-blog-server-egg/node_modules/@eggjs/router/node_modules/koa-compose/index.js:45:18)
    at /Users/nanlan/Documents/my-project/react-project/nanlan-blog/nanlan-blog-server-egg/node_modules/@eggjs/router/lib/router.js:190:18
    at dispatch (/Users/nanlan/Documents/my-project/react-project/nanlan-blog/nanlan-blog-server-egg/node_modules/@eggjs/router/node_modules/koa-compose/index.js:44:32)
    at /Users/nanlan/Documents/my-project/react-project/nanlan-blog/nanlan-blog-server-egg/node_modules/@eggjs/router/node_modules/koa-compose/index.js:36:12
    at dispatch (/Users/nanlan/Documents/my-project/react-project/nanlan-blog/nanlan-blog-server-egg/node_modules/@eggjs/router/lib/router.js:195:33)
    at dispatch (/Users/nanlan/Documents/my-project/react-project/nanlan-blog/nanlan-blog-server-egg/node_modules/koa-compose/index.js:42:32)
    at /Users/nanlan/Documents/my-project/react-project/nanlan-blog/nanlan-blog-server-egg/node_modules/egg-development/app/middleware/egg_loader_trace.js:9:56
    at dispatch (/Users/nanlan/Documents/my-project/react-project/nanlan-blog/nanlan-blog-server-egg/node_modules/koa-compose/index.js:42:32)
    at i18n (/Users/nanlan/Documents/my-project/react-project/nanlan-blog/nanlan-blog-server-egg/node_modules/egg-i18n/app/middleware/i18n.js:13:12)

pid: 63145
hostname: nanlandeMacBook-Pro.local

2020-11-19 22:50:07,414 ERROR 64348 [-/::1/-/36ms POST /article/save] nodejs.ReferenceError: ObjectId is not defined
    at ArticleService.save (/Users/nanlan/Documents/my-project/react-project/nanlan-blog/nanlan-blog-server-egg/app/service/article.js:24:23)
    at process._tickCallback (internal/process/next_tick.js:68:7)

pid: 64348
hostname: nanlandeMacBook-Pro.local

2020-11-19 22:50:30,665 ERROR 64450 [-/::1/-/50ms POST /article/save] nodejs.ReferenceError: ObjectId is not defined
    at ArticleService.save (/Users/nanlan/Documents/my-project/react-project/nanlan-blog/nanlan-blog-server-egg/app/service/article.js:24:23)
    at process._tickCallback (internal/process/next_tick.js:68:7)

pid: 64450
hostname: nanlandeMacBook-Pro.local

2020-11-19 22:56:50,194 ERROR 65023 [-/::1/-/39ms POST /article/save] nodejs.ValidationError: Article validation failed: category: Cast to ObjectId failed for value "[ { _id: 5fb687b2532b62fdff884f19, name: 'test', __v: 0 } ]" at path "category"
    at model.Document.invalidate (/Users/nanlan/Documents/my-project/react-project/nanlan-blog/nanlan-blog-server-egg/node_modules/mongoose/lib/document.js:2626:32)
    at model.$set (/Users/nanlan/Documents/my-project/react-project/nanlan-blog/nanlan-blog-server-egg/node_modules/mongoose/lib/document.js:1290:12)
    at model._handleIndex (/Users/nanlan/Documents/my-project/react-project/nanlan-blog/nanlan-blog-server-egg/node_modules/mongoose/lib/document.js:1019:14)
    at model.$set (/Users/nanlan/Documents/my-project/react-project/nanlan-blog/nanlan-blog-server-egg/node_modules/mongoose/lib/document.js:960:22)
    at model.Document (/Users/nanlan/Documents/my-project/react-project/nanlan-blog/nanlan-blog-server-egg/node_modules/mongoose/lib/document.js:150:12)
    at model.Model (/Users/nanlan/Documents/my-project/react-project/nanlan-blog/nanlan-blog-server-egg/node_modules/mongoose/lib/model.js:106:12)
    at new model (/Users/nanlan/Documents/my-project/react-project/nanlan-blog/nanlan-blog-server-egg/node_modules/mongoose/lib/model.js:4689:15)
    at ArticleService.save (/Users/nanlan/Documents/my-project/react-project/nanlan-blog/nanlan-blog-server-egg/app/service/article.js:20:26)
    at process._tickCallback (internal/process/next_tick.js:68:7)
errors: {"category":{"stringValue":"\"[ { _id: 5fb687b2532b62fdff884f19, name: 'test', __v: 0 } ]\"","kind":"ObjectId","value":[{"_id":"5fb687b2532b62fdff884f19","name":"test","__v":0}],"path":"category","reason":{}}}
_message: "Article validation failed"
pid: 65023
hostname: nanlandeMacBook-Pro.local

2020-11-20 01:41:42,402 ERROR 64448 nodejs.ClusterClientNoResponseError: client no response in 7202950ms exceeding maxIdleTime 60000ms, maybe the connection is close on other side.
    at Timeout.Leader._heartbeatTimer.setInterval [as _onTimeout] (/Users/nanlan/Documents/my-project/react-project/nanlan-blog/nanlan-blog-server-egg/node_modules/cluster-client/lib/leader.js:77:23)
    at ontimeout (timers.js:436:11)
    at tryOnTimeout (timers.js:300:5)
    at listOnTimeout (timers.js:263:5)
    at Timer.processTimers (timers.js:223:10)
name: "ClusterClientNoResponseError"
pid: 64448
hostname: nanlandeMacBook-Pro.local

2020-11-20 09:55:15,999 ERROR 64448 nodejs.ClusterClientNoResponseError: client no response in 29613514ms exceeding maxIdleTime 60000ms, maybe the connection is close on other side.
    at Timeout.Leader._heartbeatTimer.setInterval [as _onTimeout] (/Users/nanlan/Documents/my-project/react-project/nanlan-blog/nanlan-blog-server-egg/node_modules/cluster-client/lib/leader.js:77:23)
    at ontimeout (timers.js:436:11)
    at tryOnTimeout (timers.js:300:5)
    at listOnTimeout (timers.js:263:5)
    at Timer.processTimers (timers.js:223:10)
name: "ClusterClientNoResponseError"
pid: 64448
hostname: nanlandeMacBook-Pro.local

