2020-11-14 11:51:19,220 INFO 8255 [Timer] /Users/nanlan/Documents/my-project/react-project/nanlan-blog/nanlan-blog-server-egg/node_modules/egg-multipart/app/schedule/clean_tmpdir.js next time will execute after 59920783ms at 2020-11-15 04:30:00.003
2020-11-14 11:51:19,220 INFO 8255 [Timer] /Users/nanlan/Documents/my-project/react-project/nanlan-blog/nanlan-blog-server-egg/node_modules/egg-logrotator/app/schedule/clean_log.js next time will execute after 43720780ms at 2020-11-15 00:00:00.000
2020-11-14 11:51:19,221 INFO 8255 [Timer] /Users/nanlan/Documents/my-project/react-project/nanlan-blog/nanlan-blog-server-egg/node_modules/egg-logrotator/app/schedule/rotate_by_file.js next time will execute after 43721780ms at 2020-11-15 00:00:01.001
2020-11-14 11:51:19,090 INFO 8257 [egg-schedule]: register schedule /Users/nanlan/Documents/my-project/react-project/nanlan-blog/nanlan-blog-server-egg/node_modules/egg-multipart/app/schedule/clean_tmpdir.js
2020-11-14 11:51:19,090 INFO 8257 [egg-schedule]: register schedule /Users/nanlan/Documents/my-project/react-project/nanlan-blog/nanlan-blog-server-egg/node_modules/egg-logrotator/app/schedule/clean_log.js
2020-11-14 11:51:19,090 INFO 8257 [egg-schedule]: register schedule /Users/nanlan/Documents/my-project/react-project/nanlan-blog/nanlan-blog-server-egg/node_modules/egg-logrotator/app/schedule/rotate_by_file.js
2020-11-14 11:53:54,611 INFO 8364 [egg-schedule]: register schedule /Users/nanlan/Documents/my-project/react-project/nanlan-blog/nanlan-blog-server-egg/node_modules/egg-multipart/app/schedule/clean_tmpdir.js
2020-11-14 11:53:54,611 INFO 8364 [egg-schedule]: register schedule /Users/nanlan/Documents/my-project/react-project/nanlan-blog/nanlan-blog-server-egg/node_modules/egg-logrotator/app/schedule/clean_log.js
2020-11-14 11:53:54,611 INFO 8364 [egg-schedule]: register schedule /Users/nanlan/Documents/my-project/react-project/nanlan-blog/nanlan-blog-server-egg/node_modules/egg-logrotator/app/schedule/rotate_by_file.js
2020-11-14 11:54:02,469 INFO 8380 [egg-schedule]: register schedule /Users/nanlan/Documents/my-project/react-project/nanlan-blog/nanlan-blog-server-egg/node_modules/egg-multipart/app/schedule/clean_tmpdir.js
2020-11-14 11:54:02,469 INFO 8380 [egg-schedule]: register schedule /Users/nanlan/Documents/my-project/react-project/nanlan-blog/nanlan-blog-server-egg/node_modules/egg-logrotator/app/schedule/clean_log.js
2020-11-14 11:54:02,469 INFO 8380 [egg-schedule]: register schedule /Users/nanlan/Documents/my-project/react-project/nanlan-blog/nanlan-blog-server-egg/node_modules/egg-logrotator/app/schedule/rotate_by_file.js
2020-11-14 11:56:20,706 INFO 8492 [egg-schedule]: register schedule /Users/nanlan/Documents/my-project/react-project/nanlan-blog/nanlan-blog-server-egg/node_modules/egg-multipart/app/schedule/clean_tmpdir.js
2020-11-14 11:56:20,706 INFO 8492 [egg-schedule]: register schedule /Users/nanlan/Documents/my-project/react-project/nanlan-blog/nanlan-blog-server-egg/node_modules/egg-logrotator/app/schedule/clean_log.js
2020-11-14 11:56:20,706 INFO 8492 [egg-schedule]: register schedule /Users/nanlan/Documents/my-project/react-project/nanlan-blog/nanlan-blog-server-egg/node_modules/egg-logrotator/app/schedule/rotate_by_file.js
2020-11-14 12:03:57,047 INFO 8821 [egg-schedule]: register schedule /Users/nanlan/Documents/my-project/react-project/nanlan-blog/nanlan-blog-server-egg/node_modules/egg-multipart/app/schedule/clean_tmpdir.js
2020-11-14 12:03:57,047 INFO 8821 [egg-schedule]: register schedule /Users/nanlan/Documents/my-project/react-project/nanlan-blog/nanlan-blog-server-egg/node_modules/egg-logrotator/app/schedule/clean_log.js
2020-11-14 12:03:57,047 INFO 8821 [egg-schedule]: register schedule /Users/nanlan/Documents/my-project/react-project/nanlan-blog/nanlan-blog-server-egg/node_modules/egg-logrotator/app/schedule/rotate_by_file.js
2020-11-14 12:04:09,902 INFO 8860 [egg-schedule]: register schedule /Users/nanlan/Documents/my-project/react-project/nanlan-blog/nanlan-blog-server-egg/node_modules/egg-multipart/app/schedule/clean_tmpdir.js
2020-11-14 12:04:09,903 INFO 8860 [egg-schedule]: register schedule /Users/nanlan/Documents/my-project/react-project/nanlan-blog/nanlan-blog-server-egg/node_modules/egg-logrotator/app/schedule/clean_log.js
2020-11-14 12:04:09,903 INFO 8860 [egg-schedule]: register schedule /Users/nanlan/Documents/my-project/react-project/nanlan-blog/nanlan-blog-server-egg/node_modules/egg-logrotator/app/schedule/rotate_by_file.js
2020-11-14 12:04:46,312 INFO 8929 [egg-schedule]: register schedule /Users/nanlan/Documents/my-project/react-project/nanlan-blog/nanlan-blog-server-egg/node_modules/egg-multipart/app/schedule/clean_tmpdir.js
2020-11-14 12:04:46,312 INFO 8929 [egg-schedule]: register schedule /Users/nanlan/Documents/my-project/react-project/nanlan-blog/nanlan-blog-server-egg/node_modules/egg-logrotator/app/schedule/clean_log.js
2020-11-14 12:04:46,312 INFO 8929 [egg-schedule]: register schedule /Users/nanlan/Documents/my-project/react-project/nanlan-blog/nanlan-blog-server-egg/node_modules/egg-logrotator/app/schedule/rotate_by_file.js
2020-11-14 12:12:32,599 INFO 9272 [egg-schedule]: register schedule /Users/nanlan/Documents/my-project/react-project/nanlan-blog/nanlan-blog-server-egg/node_modules/egg-multipart/app/schedule/clean_tmpdir.js
2020-11-14 12:12:32,599 INFO 9272 [egg-schedule]: register schedule /Users/nanlan/Documents/my-project/react-project/nanlan-blog/nanlan-blog-server-egg/node_modules/egg-logrotator/app/schedule/clean_log.js
2020-11-14 12:12:32,599 INFO 9272 [egg-schedule]: register schedule /Users/nanlan/Documents/my-project/react-project/nanlan-blog/nanlan-blog-server-egg/node_modules/egg-logrotator/app/schedule/rotate_by_file.js
2020-11-14 12:26:06,580 INFO 10380 [egg-schedule]: register schedule /Users/nanlan/Documents/my-project/react-project/nanlan-blog/nanlan-blog-server-egg/node_modules/egg-multipart/app/schedule/clean_tmpdir.js
2020-11-14 12:26:06,580 INFO 10380 [egg-schedule]: register schedule /Users/nanlan/Documents/my-project/react-project/nanlan-blog/nanlan-blog-server-egg/node_modules/egg-logrotator/app/schedule/clean_log.js
2020-11-14 12:26:06,580 INFO 10380 [egg-schedule]: register schedule /Users/nanlan/Documents/my-project/react-project/nanlan-blog/nanlan-blog-server-egg/node_modules/egg-logrotator/app/schedule/rotate_by_file.js
2020-11-14 12:26:34,750 INFO 10442 [egg-schedule]: register schedule /Users/nanlan/Documents/my-project/react-project/nanlan-blog/nanlan-blog-server-egg/node_modules/egg-multipart/app/schedule/clean_tmpdir.js
2020-11-14 12:26:34,750 INFO 10442 [egg-schedule]: register schedule /Users/nanlan/Documents/my-project/react-project/nanlan-blog/nanlan-blog-server-egg/node_modules/egg-logrotator/app/schedule/clean_log.js
2020-11-14 12:26:34,750 INFO 10442 [egg-schedule]: register schedule /Users/nanlan/Documents/my-project/react-project/nanlan-blog/nanlan-blog-server-egg/node_modules/egg-logrotator/app/schedule/rotate_by_file.js
2020-11-14 12:31:49,434 INFO 10728 [egg-schedule]: register schedule /Users/nanlan/Documents/my-project/react-project/nanlan-blog/nanlan-blog-server-egg/node_modules/egg-multipart/app/schedule/clean_tmpdir.js
2020-11-14 12:31:49,434 INFO 10728 [egg-schedule]: register schedule /Users/nanlan/Documents/my-project/react-project/nanlan-blog/nanlan-blog-server-egg/node_modules/egg-logrotator/app/schedule/clean_log.js
2020-11-14 12:31:49,434 INFO 10728 [egg-schedule]: register schedule /Users/nanlan/Documents/my-project/react-project/nanlan-blog/nanlan-blog-server-egg/node_modules/egg-logrotator/app/schedule/rotate_by_file.js
2020-11-14 12:32:58,587 INFO 10823 [egg-schedule]: register schedule /Users/nanlan/Documents/my-project/react-project/nanlan-blog/nanlan-blog-server-egg/node_modules/egg-multipart/app/schedule/clean_tmpdir.js
2020-11-14 12:32:58,587 INFO 10823 [egg-schedule]: register schedule /Users/nanlan/Documents/my-project/react-project/nanlan-blog/nanlan-blog-server-egg/node_modules/egg-logrotator/app/schedule/clean_log.js
2020-11-14 12:32:58,587 INFO 10823 [egg-schedule]: register schedule /Users/nanlan/Documents/my-project/react-project/nanlan-blog/nanlan-blog-server-egg/node_modules/egg-logrotator/app/schedule/rotate_by_file.js
2020-11-14 12:41:52,044 INFO 11271 [egg-schedule]: register schedule /Users/nanlan/Documents/my-project/react-project/nanlan-blog/nanlan-blog-server-egg/node_modules/egg-multipart/app/schedule/clean_tmpdir.js
2020-11-14 12:41:52,044 INFO 11271 [egg-schedule]: register schedule /Users/nanlan/Documents/my-project/react-project/nanlan-blog/nanlan-blog-server-egg/node_modules/egg-logrotator/app/schedule/clean_log.js
2020-11-14 12:41:52,044 INFO 11271 [egg-schedule]: register schedule /Users/nanlan/Documents/my-project/react-project/nanlan-blog/nanlan-blog-server-egg/node_modules/egg-logrotator/app/schedule/rotate_by_file.js
2020-11-14 12:42:18,308 INFO 11334 [egg-schedule]: register schedule /Users/nanlan/Documents/my-project/react-project/nanlan-blog/nanlan-blog-server-egg/node_modules/egg-multipart/app/schedule/clean_tmpdir.js
2020-11-14 12:42:18,308 INFO 11334 [egg-schedule]: register schedule /Users/nanlan/Documents/my-project/react-project/nanlan-blog/nanlan-blog-server-egg/node_modules/egg-logrotator/app/schedule/clean_log.js
2020-11-14 12:42:18,308 INFO 11334 [egg-schedule]: register schedule /Users/nanlan/Documents/my-project/react-project/nanlan-blog/nanlan-blog-server-egg/node_modules/egg-logrotator/app/schedule/rotate_by_file.js
2020-11-14 12:44:51,152 INFO 11538 [egg-schedule]: register schedule /Users/nanlan/Documents/my-project/react-project/nanlan-blog/nanlan-blog-server-egg/node_modules/egg-multipart/app/schedule/clean_tmpdir.js
2020-11-14 12:44:51,152 INFO 11538 [egg-schedule]: register schedule /Users/nanlan/Documents/my-project/react-project/nanlan-blog/nanlan-blog-server-egg/node_modules/egg-logrotator/app/schedule/clean_log.js
2020-11-14 12:44:51,152 INFO 11538 [egg-schedule]: register schedule /Users/nanlan/Documents/my-project/react-project/nanlan-blog/nanlan-blog-server-egg/node_modules/egg-logrotator/app/schedule/rotate_by_file.js
2020-11-14 12:45:49,859 INFO 11607 [egg-schedule]: register schedule /Users/nanlan/Documents/my-project/react-project/nanlan-blog/nanlan-blog-server-egg/node_modules/egg-multipart/app/schedule/clean_tmpdir.js
2020-11-14 12:45:49,859 INFO 11607 [egg-schedule]: register schedule /Users/nanlan/Documents/my-project/react-project/nanlan-blog/nanlan-blog-server-egg/node_modules/egg-logrotator/app/schedule/clean_log.js
2020-11-14 12:45:49,859 INFO 11607 [egg-schedule]: register schedule /Users/nanlan/Documents/my-project/react-project/nanlan-blog/nanlan-blog-server-egg/node_modules/egg-logrotator/app/schedule/rotate_by_file.js
2020-11-14 12:48:06,634 INFO 11868 [egg-schedule]: register schedule /Users/nanlan/Documents/my-project/react-project/nanlan-blog/nanlan-blog-server-egg/node_modules/egg-multipart/app/schedule/clean_tmpdir.js
2020-11-14 12:48:06,634 INFO 11868 [egg-schedule]: register schedule /Users/nanlan/Documents/my-project/react-project/nanlan-blog/nanlan-blog-server-egg/node_modules/egg-logrotator/app/schedule/clean_log.js
2020-11-14 12:48:06,634 INFO 11868 [egg-schedule]: register schedule /Users/nanlan/Documents/my-project/react-project/nanlan-blog/nanlan-blog-server-egg/node_modules/egg-logrotator/app/schedule/rotate_by_file.js
2020-11-14 12:49:27,117 INFO 11965 [egg-schedule]: register schedule /Users/nanlan/Documents/my-project/react-project/nanlan-blog/nanlan-blog-server-egg/node_modules/egg-multipart/app/schedule/clean_tmpdir.js
2020-11-14 12:49:27,117 INFO 11965 [egg-schedule]: register schedule /Users/nanlan/Documents/my-project/react-project/nanlan-blog/nanlan-blog-server-egg/node_modules/egg-logrotator/app/schedule/clean_log.js
2020-11-14 12:49:27,117 INFO 11965 [egg-schedule]: register schedule /Users/nanlan/Documents/my-project/react-project/nanlan-blog/nanlan-blog-server-egg/node_modules/egg-logrotator/app/schedule/rotate_by_file.js
2020-11-14 12:49:43,174 INFO 12014 [egg-schedule]: register schedule /Users/nanlan/Documents/my-project/react-project/nanlan-blog/nanlan-blog-server-egg/node_modules/egg-multipart/app/schedule/clean_tmpdir.js
2020-11-14 12:49:43,174 INFO 12014 [egg-schedule]: register schedule /Users/nanlan/Documents/my-project/react-project/nanlan-blog/nanlan-blog-server-egg/node_modules/egg-logrotator/app/schedule/clean_log.js
2020-11-14 12:49:43,174 INFO 12014 [egg-schedule]: register schedule /Users/nanlan/Documents/my-project/react-project/nanlan-blog/nanlan-blog-server-egg/node_modules/egg-logrotator/app/schedule/rotate_by_file.js
2020-11-14 12:51:55,401 INFO 12183 [egg-schedule]: register schedule /Users/nanlan/Documents/my-project/react-project/nanlan-blog/nanlan-blog-server-egg/node_modules/egg-multipart/app/schedule/clean_tmpdir.js
2020-11-14 12:51:55,401 INFO 12183 [egg-schedule]: register schedule /Users/nanlan/Documents/my-project/react-project/nanlan-blog/nanlan-blog-server-egg/node_modules/egg-logrotator/app/schedule/clean_log.js
2020-11-14 12:51:55,401 INFO 12183 [egg-schedule]: register schedule /Users/nanlan/Documents/my-project/react-project/nanlan-blog/nanlan-blog-server-egg/node_modules/egg-logrotator/app/schedule/rotate_by_file.js
2020-11-14 12:52:40,983 INFO 12259 [egg-schedule]: register schedule /Users/nanlan/Documents/my-project/react-project/nanlan-blog/nanlan-blog-server-egg/node_modules/egg-multipart/app/schedule/clean_tmpdir.js
2020-11-14 12:52:40,983 INFO 12259 [egg-schedule]: register schedule /Users/nanlan/Documents/my-project/react-project/nanlan-blog/nanlan-blog-server-egg/node_modules/egg-logrotator/app/schedule/clean_log.js
2020-11-14 12:52:40,983 INFO 12259 [egg-schedule]: register schedule /Users/nanlan/Documents/my-project/react-project/nanlan-blog/nanlan-blog-server-egg/node_modules/egg-logrotator/app/schedule/rotate_by_file.js
2020-11-14 12:52:41,581 INFO 12258 [Timer] /Users/nanlan/Documents/my-project/react-project/nanlan-blog/nanlan-blog-server-egg/node_modules/egg-multipart/app/schedule/clean_tmpdir.js next time will execute after 56238422ms at 2020-11-15 04:30:00.003
2020-11-14 12:52:41,582 INFO 12258 [Timer] /Users/nanlan/Documents/my-project/react-project/nanlan-blog/nanlan-blog-server-egg/node_modules/egg-logrotator/app/schedule/clean_log.js next time will execute after 40038419ms at 2020-11-15 00:00:00.001
2020-11-14 12:52:41,582 INFO 12258 [Timer] /Users/nanlan/Documents/my-project/react-project/nanlan-blog/nanlan-blog-server-egg/node_modules/egg-logrotator/app/schedule/rotate_by_file.js next time will execute after 40039418ms at 2020-11-15 00:00:01.000
2020-11-14 12:53:26,022 INFO 12318 [egg-schedule]: register schedule /Users/nanlan/Documents/my-project/react-project/nanlan-blog/nanlan-blog-server-egg/node_modules/egg-multipart/app/schedule/clean_tmpdir.js
2020-11-14 12:53:26,022 INFO 12318 [egg-schedule]: register schedule /Users/nanlan/Documents/my-project/react-project/nanlan-blog/nanlan-blog-server-egg/node_modules/egg-logrotator/app/schedule/clean_log.js
2020-11-14 12:53:26,022 INFO 12318 [egg-schedule]: register schedule /Users/nanlan/Documents/my-project/react-project/nanlan-blog/nanlan-blog-server-egg/node_modules/egg-logrotator/app/schedule/rotate_by_file.js
2020-11-14 12:53:26,479 INFO 12317 [Timer] /Users/nanlan/Documents/my-project/react-project/nanlan-blog/nanlan-blog-server-egg/node_modules/egg-multipart/app/schedule/clean_tmpdir.js next time will execute after 56193525ms at 2020-11-15 04:30:00.004
2020-11-14 12:53:26,479 INFO 12317 [Timer] /Users/nanlan/Documents/my-project/react-project/nanlan-blog/nanlan-blog-server-egg/node_modules/egg-logrotator/app/schedule/clean_log.js next time will execute after 39993521ms at 2020-11-15 00:00:00.000
2020-11-14 12:53:26,480 INFO 12317 [Timer] /Users/nanlan/Documents/my-project/react-project/nanlan-blog/nanlan-blog-server-egg/node_modules/egg-logrotator/app/schedule/rotate_by_file.js next time will execute after 39994521ms at 2020-11-15 00:00:01.001
2020-11-14 12:53:48,835 INFO 12347 [egg-schedule]: register schedule /Users/nanlan/Documents/my-project/react-project/nanlan-blog/nanlan-blog-server-egg/node_modules/egg-multipart/app/schedule/clean_tmpdir.js
2020-11-14 12:53:48,835 INFO 12347 [egg-schedule]: register schedule /Users/nanlan/Documents/my-project/react-project/nanlan-blog/nanlan-blog-server-egg/node_modules/egg-logrotator/app/schedule/clean_log.js
2020-11-14 12:53:48,835 INFO 12347 [egg-schedule]: register schedule /Users/nanlan/Documents/my-project/react-project/nanlan-blog/nanlan-blog-server-egg/node_modules/egg-logrotator/app/schedule/rotate_by_file.js
2020-11-14 12:54:28,659 INFO 12390 [egg-schedule]: register schedule /Users/nanlan/Documents/my-project/react-project/nanlan-blog/nanlan-blog-server-egg/node_modules/egg-multipart/app/schedule/clean_tmpdir.js
2020-11-14 12:54:28,659 INFO 12390 [egg-schedule]: register schedule /Users/nanlan/Documents/my-project/react-project/nanlan-blog/nanlan-blog-server-egg/node_modules/egg-logrotator/app/schedule/clean_log.js
2020-11-14 12:54:28,659 INFO 12390 [egg-schedule]: register schedule /Users/nanlan/Documents/my-project/react-project/nanlan-blog/nanlan-blog-server-egg/node_modules/egg-logrotator/app/schedule/rotate_by_file.js
2020-11-14 12:54:50,034 INFO 12435 [egg-schedule]: register schedule /Users/nanlan/Documents/my-project/react-project/nanlan-blog/nanlan-blog-server-egg/node_modules/egg-multipart/app/schedule/clean_tmpdir.js
2020-11-14 12:54:50,034 INFO 12435 [egg-schedule]: register schedule /Users/nanlan/Documents/my-project/react-project/nanlan-blog/nanlan-blog-server-egg/node_modules/egg-logrotator/app/schedule/clean_log.js
2020-11-14 12:54:50,034 INFO 12435 [egg-schedule]: register schedule /Users/nanlan/Documents/my-project/react-project/nanlan-blog/nanlan-blog-server-egg/node_modules/egg-logrotator/app/schedule/rotate_by_file.js
2020-11-14 12:55:23,962 INFO 12468 [egg-schedule]: register schedule /Users/nanlan/Documents/my-project/react-project/nanlan-blog/nanlan-blog-server-egg/node_modules/egg-multipart/app/schedule/clean_tmpdir.js
2020-11-14 12:55:23,962 INFO 12468 [egg-schedule]: register schedule /Users/nanlan/Documents/my-project/react-project/nanlan-blog/nanlan-blog-server-egg/node_modules/egg-logrotator/app/schedule/clean_log.js
2020-11-14 12:55:23,962 INFO 12468 [egg-schedule]: register schedule /Users/nanlan/Documents/my-project/react-project/nanlan-blog/nanlan-blog-server-egg/node_modules/egg-logrotator/app/schedule/rotate_by_file.js
2020-11-14 12:56:05,132 INFO 12505 [egg-schedule]: register schedule /Users/nanlan/Documents/my-project/react-project/nanlan-blog/nanlan-blog-server-egg/node_modules/egg-multipart/app/schedule/clean_tmpdir.js
2020-11-14 12:56:05,132 INFO 12505 [egg-schedule]: register schedule /Users/nanlan/Documents/my-project/react-project/nanlan-blog/nanlan-blog-server-egg/node_modules/egg-logrotator/app/schedule/clean_log.js
2020-11-14 12:56:05,132 INFO 12505 [egg-schedule]: register schedule /Users/nanlan/Documents/my-project/react-project/nanlan-blog/nanlan-blog-server-egg/node_modules/egg-logrotator/app/schedule/rotate_by_file.js
2020-11-14 12:56:54,649 INFO 12628 [egg-schedule]: register schedule /Users/nanlan/Documents/my-project/react-project/nanlan-blog/nanlan-blog-server-egg/node_modules/egg-multipart/app/schedule/clean_tmpdir.js
2020-11-14 12:56:54,649 INFO 12628 [egg-schedule]: register schedule /Users/nanlan/Documents/my-project/react-project/nanlan-blog/nanlan-blog-server-egg/node_modules/egg-logrotator/app/schedule/clean_log.js
2020-11-14 12:56:54,650 INFO 12628 [egg-schedule]: register schedule /Users/nanlan/Documents/my-project/react-project/nanlan-blog/nanlan-blog-server-egg/node_modules/egg-logrotator/app/schedule/rotate_by_file.js
2020-11-14 13:00:03,521 INFO 12785 [egg-schedule]: register schedule /Users/nanlan/Documents/my-project/react-project/nanlan-blog/nanlan-blog-server-egg/node_modules/egg-multipart/app/schedule/clean_tmpdir.js
2020-11-14 13:00:03,521 INFO 12785 [egg-schedule]: register schedule /Users/nanlan/Documents/my-project/react-project/nanlan-blog/nanlan-blog-server-egg/node_modules/egg-logrotator/app/schedule/clean_log.js
2020-11-14 13:00:03,521 INFO 12785 [egg-schedule]: register schedule /Users/nanlan/Documents/my-project/react-project/nanlan-blog/nanlan-blog-server-egg/node_modules/egg-logrotator/app/schedule/rotate_by_file.js
2020-11-14 13:06:21,358 INFO 13256 [egg-schedule]: register schedule /Users/nanlan/Documents/my-project/react-project/nanlan-blog/nanlan-blog-server-egg/node_modules/egg-multipart/app/schedule/clean_tmpdir.js
2020-11-14 13:06:21,358 INFO 13256 [egg-schedule]: register schedule /Users/nanlan/Documents/my-project/react-project/nanlan-blog/nanlan-blog-server-egg/node_modules/egg-logrotator/app/schedule/clean_log.js
2020-11-14 13:06:21,358 INFO 13256 [egg-schedule]: register schedule /Users/nanlan/Documents/my-project/react-project/nanlan-blog/nanlan-blog-server-egg/node_modules/egg-logrotator/app/schedule/rotate_by_file.js
2020-11-14 13:07:19,664 INFO 13322 [egg-schedule]: register schedule /Users/nanlan/Documents/my-project/react-project/nanlan-blog/nanlan-blog-server-egg/node_modules/egg-multipart/app/schedule/clean_tmpdir.js
2020-11-14 13:07:19,664 INFO 13322 [egg-schedule]: register schedule /Users/nanlan/Documents/my-project/react-project/nanlan-blog/nanlan-blog-server-egg/node_modules/egg-logrotator/app/schedule/clean_log.js
2020-11-14 13:07:19,664 INFO 13322 [egg-schedule]: register schedule /Users/nanlan/Documents/my-project/react-project/nanlan-blog/nanlan-blog-server-egg/node_modules/egg-logrotator/app/schedule/rotate_by_file.js
2020-11-14 13:08:21,159 INFO 13387 [egg-schedule]: register schedule /Users/nanlan/Documents/my-project/react-project/nanlan-blog/nanlan-blog-server-egg/node_modules/egg-multipart/app/schedule/clean_tmpdir.js
2020-11-14 13:08:21,159 INFO 13387 [egg-schedule]: register schedule /Users/nanlan/Documents/my-project/react-project/nanlan-blog/nanlan-blog-server-egg/node_modules/egg-logrotator/app/schedule/clean_log.js
2020-11-14 13:08:21,159 INFO 13387 [egg-schedule]: register schedule /Users/nanlan/Documents/my-project/react-project/nanlan-blog/nanlan-blog-server-egg/node_modules/egg-logrotator/app/schedule/rotate_by_file.js
2020-11-14 13:09:14,685 INFO 13422 [egg-schedule]: register schedule /Users/nanlan/Documents/my-project/react-project/nanlan-blog/nanlan-blog-server-egg/node_modules/egg-multipart/app/schedule/clean_tmpdir.js
2020-11-14 13:09:14,685 INFO 13422 [egg-schedule]: register schedule /Users/nanlan/Documents/my-project/react-project/nanlan-blog/nanlan-blog-server-egg/node_modules/egg-logrotator/app/schedule/clean_log.js
2020-11-14 13:09:14,685 INFO 13422 [egg-schedule]: register schedule /Users/nanlan/Documents/my-project/react-project/nanlan-blog/nanlan-blog-server-egg/node_modules/egg-logrotator/app/schedule/rotate_by_file.js
2020-11-14 13:09:33,803 INFO 13433 [egg-schedule]: register schedule /Users/nanlan/Documents/my-project/react-project/nanlan-blog/nanlan-blog-server-egg/node_modules/egg-multipart/app/schedule/clean_tmpdir.js
2020-11-14 13:09:33,803 INFO 13433 [egg-schedule]: register schedule /Users/nanlan/Documents/my-project/react-project/nanlan-blog/nanlan-blog-server-egg/node_modules/egg-logrotator/app/schedule/clean_log.js
2020-11-14 13:09:33,803 INFO 13433 [egg-schedule]: register schedule /Users/nanlan/Documents/my-project/react-project/nanlan-blog/nanlan-blog-server-egg/node_modules/egg-logrotator/app/schedule/rotate_by_file.js
2020-11-14 13:09:43,991 INFO 13439 [egg-schedule]: register schedule /Users/nanlan/Documents/my-project/react-project/nanlan-blog/nanlan-blog-server-egg/node_modules/egg-multipart/app/schedule/clean_tmpdir.js
2020-11-14 13:09:43,991 INFO 13439 [egg-schedule]: register schedule /Users/nanlan/Documents/my-project/react-project/nanlan-blog/nanlan-blog-server-egg/node_modules/egg-logrotator/app/schedule/clean_log.js
2020-11-14 13:09:43,991 INFO 13439 [egg-schedule]: register schedule /Users/nanlan/Documents/my-project/react-project/nanlan-blog/nanlan-blog-server-egg/node_modules/egg-logrotator/app/schedule/rotate_by_file.js
2020-11-14 13:10:06,076 INFO 13453 [egg-schedule]: register schedule /Users/nanlan/Documents/my-project/react-project/nanlan-blog/nanlan-blog-server-egg/node_modules/egg-multipart/app/schedule/clean_tmpdir.js
2020-11-14 13:10:06,076 INFO 13453 [egg-schedule]: register schedule /Users/nanlan/Documents/my-project/react-project/nanlan-blog/nanlan-blog-server-egg/node_modules/egg-logrotator/app/schedule/clean_log.js
2020-11-14 13:10:06,076 INFO 13453 [egg-schedule]: register schedule /Users/nanlan/Documents/my-project/react-project/nanlan-blog/nanlan-blog-server-egg/node_modules/egg-logrotator/app/schedule/rotate_by_file.js
2020-11-14 13:11:34,170 INFO 13585 [egg-schedule]: register schedule /Users/nanlan/Documents/my-project/react-project/nanlan-blog/nanlan-blog-server-egg/node_modules/egg-multipart/app/schedule/clean_tmpdir.js
2020-11-14 13:11:34,170 INFO 13585 [egg-schedule]: register schedule /Users/nanlan/Documents/my-project/react-project/nanlan-blog/nanlan-blog-server-egg/node_modules/egg-logrotator/app/schedule/clean_log.js
2020-11-14 13:11:34,170 INFO 13585 [egg-schedule]: register schedule /Users/nanlan/Documents/my-project/react-project/nanlan-blog/nanlan-blog-server-egg/node_modules/egg-logrotator/app/schedule/rotate_by_file.js
2020-11-14 13:14:49,163 INFO 13882 [egg-schedule]: register schedule /Users/nanlan/Documents/my-project/react-project/nanlan-blog/nanlan-blog-server-egg/node_modules/egg-multipart/app/schedule/clean_tmpdir.js
2020-11-14 13:14:49,163 INFO 13882 [egg-schedule]: register schedule /Users/nanlan/Documents/my-project/react-project/nanlan-blog/nanlan-blog-server-egg/node_modules/egg-logrotator/app/schedule/clean_log.js
2020-11-14 13:14:49,163 INFO 13882 [egg-schedule]: register schedule /Users/nanlan/Documents/my-project/react-project/nanlan-blog/nanlan-blog-server-egg/node_modules/egg-logrotator/app/schedule/rotate_by_file.js
2020-11-14 13:14:49,716 INFO 13877 [Timer] /Users/nanlan/Documents/my-project/react-project/nanlan-blog/nanlan-blog-server-egg/node_modules/egg-multipart/app/schedule/clean_tmpdir.js next time will execute after 54910287ms at 2020-11-15 04:30:00.003
2020-11-14 13:14:49,716 INFO 13877 [Timer] /Users/nanlan/Documents/my-project/react-project/nanlan-blog/nanlan-blog-server-egg/node_modules/egg-logrotator/app/schedule/clean_log.js next time will execute after 38710284ms at 2020-11-15 00:00:00.000
2020-11-14 13:14:49,717 INFO 13877 [Timer] /Users/nanlan/Documents/my-project/react-project/nanlan-blog/nanlan-blog-server-egg/node_modules/egg-logrotator/app/schedule/rotate_by_file.js next time will execute after 38711284ms at 2020-11-15 00:00:01.001
2020-11-14 13:24:49,246 INFO 14626 [egg-schedule]: register schedule /Users/nanlan/Documents/my-project/react-project/nanlan-blog/nanlan-blog-server-egg/node_modules/egg-multipart/app/schedule/clean_tmpdir.js
2020-11-14 13:24:49,246 INFO 14626 [egg-schedule]: register schedule /Users/nanlan/Documents/my-project/react-project/nanlan-blog/nanlan-blog-server-egg/node_modules/egg-logrotator/app/schedule/clean_log.js
2020-11-14 13:24:49,246 INFO 14626 [egg-schedule]: register schedule /Users/nanlan/Documents/my-project/react-project/nanlan-blog/nanlan-blog-server-egg/node_modules/egg-logrotator/app/schedule/rotate_by_file.js
2020-11-14 13:24:53,963 INFO 14649 [egg-schedule]: register schedule /Users/nanlan/Documents/my-project/react-project/nanlan-blog/nanlan-blog-server-egg/node_modules/egg-multipart/app/schedule/clean_tmpdir.js
2020-11-14 13:24:53,963 INFO 14649 [egg-schedule]: register schedule /Users/nanlan/Documents/my-project/react-project/nanlan-blog/nanlan-blog-server-egg/node_modules/egg-logrotator/app/schedule/clean_log.js
2020-11-14 13:24:53,963 INFO 14649 [egg-schedule]: register schedule /Users/nanlan/Documents/my-project/react-project/nanlan-blog/nanlan-blog-server-egg/node_modules/egg-logrotator/app/schedule/rotate_by_file.js
2020-11-14 13:25:12,640 INFO 14672 [egg-schedule]: register schedule /Users/nanlan/Documents/my-project/react-project/nanlan-blog/nanlan-blog-server-egg/node_modules/egg-multipart/app/schedule/clean_tmpdir.js
2020-11-14 13:25:12,640 INFO 14672 [egg-schedule]: register schedule /Users/nanlan/Documents/my-project/react-project/nanlan-blog/nanlan-blog-server-egg/node_modules/egg-logrotator/app/schedule/clean_log.js
2020-11-14 13:25:12,640 INFO 14672 [egg-schedule]: register schedule /Users/nanlan/Documents/my-project/react-project/nanlan-blog/nanlan-blog-server-egg/node_modules/egg-logrotator/app/schedule/rotate_by_file.js
2020-11-14 13:26:19,719 INFO 14768 [egg-schedule]: register schedule /Users/nanlan/Documents/my-project/react-project/nanlan-blog/nanlan-blog-server-egg/node_modules/egg-multipart/app/schedule/clean_tmpdir.js
2020-11-14 13:26:19,719 INFO 14768 [egg-schedule]: register schedule /Users/nanlan/Documents/my-project/react-project/nanlan-blog/nanlan-blog-server-egg/node_modules/egg-logrotator/app/schedule/clean_log.js
2020-11-14 13:26:19,719 INFO 14768 [egg-schedule]: register schedule /Users/nanlan/Documents/my-project/react-project/nanlan-blog/nanlan-blog-server-egg/node_modules/egg-logrotator/app/schedule/rotate_by_file.js
2020-11-14 13:27:04,686 INFO 14914 [egg-schedule]: register schedule /Users/nanlan/Documents/my-project/react-project/nanlan-blog/nanlan-blog-server-egg/node_modules/egg-multipart/app/schedule/clean_tmpdir.js
2020-11-14 13:27:04,686 INFO 14914 [egg-schedule]: register schedule /Users/nanlan/Documents/my-project/react-project/nanlan-blog/nanlan-blog-server-egg/node_modules/egg-logrotator/app/schedule/clean_log.js
2020-11-14 13:27:04,686 INFO 14914 [egg-schedule]: register schedule /Users/nanlan/Documents/my-project/react-project/nanlan-blog/nanlan-blog-server-egg/node_modules/egg-logrotator/app/schedule/rotate_by_file.js
2020-11-14 13:28:41,327 INFO 15046 [egg-schedule]: register schedule /Users/nanlan/Documents/my-project/react-project/nanlan-blog/nanlan-blog-server-egg/node_modules/egg-multipart/app/schedule/clean_tmpdir.js
2020-11-14 13:28:41,327 INFO 15046 [egg-schedule]: register schedule /Users/nanlan/Documents/my-project/react-project/nanlan-blog/nanlan-blog-server-egg/node_modules/egg-logrotator/app/schedule/clean_log.js
2020-11-14 13:28:41,327 INFO 15046 [egg-schedule]: register schedule /Users/nanlan/Documents/my-project/react-project/nanlan-blog/nanlan-blog-server-egg/node_modules/egg-logrotator/app/schedule/rotate_by_file.js
2020-11-14 13:28:58,247 INFO 15120 [egg-schedule]: register schedule /Users/nanlan/Documents/my-project/react-project/nanlan-blog/nanlan-blog-server-egg/node_modules/egg-multipart/app/schedule/clean_tmpdir.js
2020-11-14 13:28:58,247 INFO 15120 [egg-schedule]: register schedule /Users/nanlan/Documents/my-project/react-project/nanlan-blog/nanlan-blog-server-egg/node_modules/egg-logrotator/app/schedule/clean_log.js
2020-11-14 13:28:58,247 INFO 15120 [egg-schedule]: register schedule /Users/nanlan/Documents/my-project/react-project/nanlan-blog/nanlan-blog-server-egg/node_modules/egg-logrotator/app/schedule/rotate_by_file.js
2020-11-14 13:28:58,812 INFO 15118 [Timer] /Users/nanlan/Documents/my-project/react-project/nanlan-blog/nanlan-blog-server-egg/node_modules/egg-multipart/app/schedule/clean_tmpdir.js next time will execute after 54061191ms at 2020-11-15 04:30:00.003
2020-11-14 13:28:58,812 INFO 15118 [Timer] /Users/nanlan/Documents/my-project/react-project/nanlan-blog/nanlan-blog-server-egg/node_modules/egg-logrotator/app/schedule/clean_log.js next time will execute after 37861188ms at 2020-11-15 00:00:00.000
2020-11-14 13:28:58,813 INFO 15118 [Timer] /Users/nanlan/Documents/my-project/react-project/nanlan-blog/nanlan-blog-server-egg/node_modules/egg-logrotator/app/schedule/rotate_by_file.js next time will execute after 37862188ms at 2020-11-15 00:00:01.000
2020-11-14 13:29:34,139 INFO 15206 [egg-schedule]: register schedule /Users/nanlan/Documents/my-project/react-project/nanlan-blog/nanlan-blog-server-egg/node_modules/egg-multipart/app/schedule/clean_tmpdir.js
2020-11-14 13:29:34,139 INFO 15206 [egg-schedule]: register schedule /Users/nanlan/Documents/my-project/react-project/nanlan-blog/nanlan-blog-server-egg/node_modules/egg-logrotator/app/schedule/clean_log.js
2020-11-14 13:29:34,139 INFO 15206 [egg-schedule]: register schedule /Users/nanlan/Documents/my-project/react-project/nanlan-blog/nanlan-blog-server-egg/node_modules/egg-logrotator/app/schedule/rotate_by_file.js
2020-11-14 13:32:37,581 INFO 15413 [egg-schedule]: register schedule /Users/nanlan/Documents/my-project/react-project/nanlan-blog/nanlan-blog-server-egg/node_modules/egg-multipart/app/schedule/clean_tmpdir.js
2020-11-14 13:32:37,581 INFO 15413 [egg-schedule]: register schedule /Users/nanlan/Documents/my-project/react-project/nanlan-blog/nanlan-blog-server-egg/node_modules/egg-logrotator/app/schedule/clean_log.js
2020-11-14 13:32:37,581 INFO 15413 [egg-schedule]: register schedule /Users/nanlan/Documents/my-project/react-project/nanlan-blog/nanlan-blog-server-egg/node_modules/egg-logrotator/app/schedule/rotate_by_file.js
2020-11-14 13:32:40,830 INFO 15430 [egg-schedule]: register schedule /Users/nanlan/Documents/my-project/react-project/nanlan-blog/nanlan-blog-server-egg/node_modules/egg-multipart/app/schedule/clean_tmpdir.js
2020-11-14 13:32:40,830 INFO 15430 [egg-schedule]: register schedule /Users/nanlan/Documents/my-project/react-project/nanlan-blog/nanlan-blog-server-egg/node_modules/egg-logrotator/app/schedule/clean_log.js
2020-11-14 13:32:40,830 INFO 15430 [egg-schedule]: register schedule /Users/nanlan/Documents/my-project/react-project/nanlan-blog/nanlan-blog-server-egg/node_modules/egg-logrotator/app/schedule/rotate_by_file.js
2020-11-14 13:36:13,372 INFO 15735 [egg-schedule]: register schedule /Users/nanlan/Documents/my-project/react-project/nanlan-blog/nanlan-blog-server-egg/node_modules/egg-multipart/app/schedule/clean_tmpdir.js
2020-11-14 13:36:13,372 INFO 15735 [egg-schedule]: register schedule /Users/nanlan/Documents/my-project/react-project/nanlan-blog/nanlan-blog-server-egg/node_modules/egg-logrotator/app/schedule/clean_log.js
2020-11-14 13:36:13,372 INFO 15735 [egg-schedule]: register schedule /Users/nanlan/Documents/my-project/react-project/nanlan-blog/nanlan-blog-server-egg/node_modules/egg-logrotator/app/schedule/rotate_by_file.js
2020-11-14 13:36:13,944 INFO 15731 [Timer] /Users/nanlan/Documents/my-project/react-project/nanlan-blog/nanlan-blog-server-egg/node_modules/egg-multipart/app/schedule/clean_tmpdir.js next time will execute after 53626059ms at 2020-11-15 04:30:00.003
2020-11-14 13:36:13,944 INFO 15731 [Timer] /Users/nanlan/Documents/my-project/react-project/nanlan-blog/nanlan-blog-server-egg/node_modules/egg-logrotator/app/schedule/clean_log.js next time will execute after 37426056ms at 2020-11-15 00:00:00.000
2020-11-14 13:36:13,945 INFO 15731 [Timer] /Users/nanlan/Documents/my-project/react-project/nanlan-blog/nanlan-blog-server-egg/node_modules/egg-logrotator/app/schedule/rotate_by_file.js next time will execute after 37427056ms at 2020-11-15 00:00:01.001
2020-11-14 13:36:36,897 INFO 15768 [egg-schedule]: register schedule /Users/nanlan/Documents/my-project/react-project/nanlan-blog/nanlan-blog-server-egg/node_modules/egg-multipart/app/schedule/clean_tmpdir.js
2020-11-14 13:36:36,897 INFO 15768 [egg-schedule]: register schedule /Users/nanlan/Documents/my-project/react-project/nanlan-blog/nanlan-blog-server-egg/node_modules/egg-logrotator/app/schedule/clean_log.js
2020-11-14 13:36:36,897 INFO 15768 [egg-schedule]: register schedule /Users/nanlan/Documents/my-project/react-project/nanlan-blog/nanlan-blog-server-egg/node_modules/egg-logrotator/app/schedule/rotate_by_file.js
2020-11-14 13:36:39,484 INFO 15784 [egg-schedule]: register schedule /Users/nanlan/Documents/my-project/react-project/nanlan-blog/nanlan-blog-server-egg/node_modules/egg-multipart/app/schedule/clean_tmpdir.js
2020-11-14 13:36:39,484 INFO 15784 [egg-schedule]: register schedule /Users/nanlan/Documents/my-project/react-project/nanlan-blog/nanlan-blog-server-egg/node_modules/egg-logrotator/app/schedule/clean_log.js
2020-11-14 13:36:39,484 INFO 15784 [egg-schedule]: register schedule /Users/nanlan/Documents/my-project/react-project/nanlan-blog/nanlan-blog-server-egg/node_modules/egg-logrotator/app/schedule/rotate_by_file.js
2020-11-14 13:37:56,622 INFO 15897 [egg-schedule]: register schedule /Users/nanlan/Documents/my-project/react-project/nanlan-blog/nanlan-blog-server-egg/node_modules/egg-multipart/app/schedule/clean_tmpdir.js
2020-11-14 13:37:56,622 INFO 15897 [egg-schedule]: register schedule /Users/nanlan/Documents/my-project/react-project/nanlan-blog/nanlan-blog-server-egg/node_modules/egg-logrotator/app/schedule/clean_log.js
2020-11-14 13:37:56,622 INFO 15897 [egg-schedule]: register schedule /Users/nanlan/Documents/my-project/react-project/nanlan-blog/nanlan-blog-server-egg/node_modules/egg-logrotator/app/schedule/rotate_by_file.js
2020-11-14 13:38:07,161 INFO 15946 [egg-schedule]: register schedule /Users/nanlan/Documents/my-project/react-project/nanlan-blog/nanlan-blog-server-egg/node_modules/egg-multipart/app/schedule/clean_tmpdir.js
2020-11-14 13:38:07,161 INFO 15946 [egg-schedule]: register schedule /Users/nanlan/Documents/my-project/react-project/nanlan-blog/nanlan-blog-server-egg/node_modules/egg-logrotator/app/schedule/clean_log.js
2020-11-14 13:38:07,161 INFO 15946 [egg-schedule]: register schedule /Users/nanlan/Documents/my-project/react-project/nanlan-blog/nanlan-blog-server-egg/node_modules/egg-logrotator/app/schedule/rotate_by_file.js
2020-11-14 13:38:58,539 INFO 15996 [egg-schedule]: register schedule /Users/nanlan/Documents/my-project/react-project/nanlan-blog/nanlan-blog-server-egg/node_modules/egg-multipart/app/schedule/clean_tmpdir.js
2020-11-14 13:38:58,539 INFO 15996 [egg-schedule]: register schedule /Users/nanlan/Documents/my-project/react-project/nanlan-blog/nanlan-blog-server-egg/node_modules/egg-logrotator/app/schedule/clean_log.js
2020-11-14 13:38:58,539 INFO 15996 [egg-schedule]: register schedule /Users/nanlan/Documents/my-project/react-project/nanlan-blog/nanlan-blog-server-egg/node_modules/egg-logrotator/app/schedule/rotate_by_file.js
2020-11-14 13:38:59,725 INFO 16006 [egg-schedule]: register schedule /Users/nanlan/Documents/my-project/react-project/nanlan-blog/nanlan-blog-server-egg/node_modules/egg-multipart/app/schedule/clean_tmpdir.js
2020-11-14 13:38:59,725 INFO 16006 [egg-schedule]: register schedule /Users/nanlan/Documents/my-project/react-project/nanlan-blog/nanlan-blog-server-egg/node_modules/egg-logrotator/app/schedule/clean_log.js
2020-11-14 13:38:59,725 INFO 16006 [egg-schedule]: register schedule /Users/nanlan/Documents/my-project/react-project/nanlan-blog/nanlan-blog-server-egg/node_modules/egg-logrotator/app/schedule/rotate_by_file.js
2020-11-14 13:38:59,816 INFO 16007 [egg-schedule]: register schedule /Users/nanlan/Documents/my-project/react-project/nanlan-blog/nanlan-blog-server-egg/node_modules/egg-multipart/app/schedule/clean_tmpdir.js
2020-11-14 13:38:59,816 INFO 16007 [egg-schedule]: register schedule /Users/nanlan/Documents/my-project/react-project/nanlan-blog/nanlan-blog-server-egg/node_modules/egg-logrotator/app/schedule/clean_log.js
2020-11-14 13:38:59,816 INFO 16007 [egg-schedule]: register schedule /Users/nanlan/Documents/my-project/react-project/nanlan-blog/nanlan-blog-server-egg/node_modules/egg-logrotator/app/schedule/rotate_by_file.js
2020-11-19 22:32:48,263 INFO 63069 [egg-schedule]: register schedule /Users/nanlan/Documents/my-project/react-project/nanlan-blog/nanlan-blog-server-egg/node_modules/egg-multipart/app/schedule/clean_tmpdir.js
2020-11-19 22:32:48,263 INFO 63069 [egg-schedule]: register schedule /Users/nanlan/Documents/my-project/react-project/nanlan-blog/nanlan-blog-server-egg/node_modules/egg-logrotator/app/schedule/clean_log.js
2020-11-19 22:32:48,263 INFO 63069 [egg-schedule]: register schedule /Users/nanlan/Documents/my-project/react-project/nanlan-blog/nanlan-blog-server-egg/node_modules/egg-logrotator/app/schedule/rotate_by_file.js
2020-11-19 22:32:48,905 INFO 63066 [Timer] /Users/nanlan/Documents/my-project/react-project/nanlan-blog/nanlan-blog-server-egg/node_modules/egg-multipart/app/schedule/clean_tmpdir.js next time will execute after 21431099ms at 2020-11-20 04:30:00.004
2020-11-19 22:32:48,906 INFO 63066 [Timer] /Users/nanlan/Documents/my-project/react-project/nanlan-blog/nanlan-blog-server-egg/node_modules/egg-logrotator/app/schedule/clean_log.js next time will execute after 5231095ms at 2020-11-20 00:00:00.001
2020-11-19 22:32:48,906 INFO 63066 [Timer] /Users/nanlan/Documents/my-project/react-project/nanlan-blog/nanlan-blog-server-egg/node_modules/egg-logrotator/app/schedule/rotate_by_file.js next time will execute after 5232094ms at 2020-11-20 00:00:01.000
2020-11-19 22:33:46,829 INFO 63145 [egg-schedule]: register schedule /Users/nanlan/Documents/my-project/react-project/nanlan-blog/nanlan-blog-server-egg/node_modules/egg-multipart/app/schedule/clean_tmpdir.js
2020-11-19 22:33:46,829 INFO 63145 [egg-schedule]: register schedule /Users/nanlan/Documents/my-project/react-project/nanlan-blog/nanlan-blog-server-egg/node_modules/egg-logrotator/app/schedule/clean_log.js
2020-11-19 22:33:46,829 INFO 63145 [egg-schedule]: register schedule /Users/nanlan/Documents/my-project/react-project/nanlan-blog/nanlan-blog-server-egg/node_modules/egg-logrotator/app/schedule/rotate_by_file.js
2020-11-19 22:36:43,618 INFO 63358 [egg-schedule]: register schedule /Users/nanlan/Documents/my-project/react-project/nanlan-blog/nanlan-blog-server-egg/node_modules/egg-multipart/app/schedule/clean_tmpdir.js
2020-11-19 22:36:43,618 INFO 63358 [egg-schedule]: register schedule /Users/nanlan/Documents/my-project/react-project/nanlan-blog/nanlan-blog-server-egg/node_modules/egg-logrotator/app/schedule/clean_log.js
2020-11-19 22:36:43,618 INFO 63358 [egg-schedule]: register schedule /Users/nanlan/Documents/my-project/react-project/nanlan-blog/nanlan-blog-server-egg/node_modules/egg-logrotator/app/schedule/rotate_by_file.js
2020-11-19 22:37:52,585 INFO 63456 [egg-schedule]: register schedule /Users/nanlan/Documents/my-project/react-project/nanlan-blog/nanlan-blog-server-egg/node_modules/egg-multipart/app/schedule/clean_tmpdir.js
2020-11-19 22:37:52,585 INFO 63456 [egg-schedule]: register schedule /Users/nanlan/Documents/my-project/react-project/nanlan-blog/nanlan-blog-server-egg/node_modules/egg-logrotator/app/schedule/clean_log.js
2020-11-19 22:37:52,585 INFO 63456 [egg-schedule]: register schedule /Users/nanlan/Documents/my-project/react-project/nanlan-blog/nanlan-blog-server-egg/node_modules/egg-logrotator/app/schedule/rotate_by_file.js
2020-11-19 22:37:53,623 INFO 63458 [egg-schedule]: register schedule /Users/nanlan/Documents/my-project/react-project/nanlan-blog/nanlan-blog-server-egg/node_modules/egg-multipart/app/schedule/clean_tmpdir.js
2020-11-19 22:37:53,623 INFO 63458 [egg-schedule]: register schedule /Users/nanlan/Documents/my-project/react-project/nanlan-blog/nanlan-blog-server-egg/node_modules/egg-logrotator/app/schedule/clean_log.js
2020-11-19 22:37:53,623 INFO 63458 [egg-schedule]: register schedule /Users/nanlan/Documents/my-project/react-project/nanlan-blog/nanlan-blog-server-egg/node_modules/egg-logrotator/app/schedule/rotate_by_file.js
2020-11-19 22:39:03,023 INFO 63541 [egg-schedule]: register schedule /Users/nanlan/Documents/my-project/react-project/nanlan-blog/nanlan-blog-server-egg/node_modules/egg-multipart/app/schedule/clean_tmpdir.js
2020-11-19 22:39:03,023 INFO 63541 [egg-schedule]: register schedule /Users/nanlan/Documents/my-project/react-project/nanlan-blog/nanlan-blog-server-egg/node_modules/egg-logrotator/app/schedule/clean_log.js
2020-11-19 22:39:03,023 INFO 63541 [egg-schedule]: register schedule /Users/nanlan/Documents/my-project/react-project/nanlan-blog/nanlan-blog-server-egg/node_modules/egg-logrotator/app/schedule/rotate_by_file.js
2020-11-19 22:40:01,675 INFO 63614 [egg-schedule]: register schedule /Users/nanlan/Documents/my-project/react-project/nanlan-blog/nanlan-blog-server-egg/node_modules/egg-multipart/app/schedule/clean_tmpdir.js
2020-11-19 22:40:01,675 INFO 63614 [egg-schedule]: register schedule /Users/nanlan/Documents/my-project/react-project/nanlan-blog/nanlan-blog-server-egg/node_modules/egg-logrotator/app/schedule/clean_log.js
2020-11-19 22:40:01,675 INFO 63614 [egg-schedule]: register schedule /Users/nanlan/Documents/my-project/react-project/nanlan-blog/nanlan-blog-server-egg/node_modules/egg-logrotator/app/schedule/rotate_by_file.js
2020-11-19 22:43:59,408 INFO 63906 [egg-schedule]: register schedule /Users/nanlan/Documents/my-project/react-project/nanlan-blog/nanlan-blog-server-egg/node_modules/egg-multipart/app/schedule/clean_tmpdir.js
2020-11-19 22:43:59,409 INFO 63906 [egg-schedule]: register schedule /Users/nanlan/Documents/my-project/react-project/nanlan-blog/nanlan-blog-server-egg/node_modules/egg-logrotator/app/schedule/clean_log.js
2020-11-19 22:43:59,409 INFO 63906 [egg-schedule]: register schedule /Users/nanlan/Documents/my-project/react-project/nanlan-blog/nanlan-blog-server-egg/node_modules/egg-logrotator/app/schedule/rotate_by_file.js
2020-11-19 22:45:28,049 INFO 63996 [egg-schedule]: register schedule /Users/nanlan/Documents/my-project/react-project/nanlan-blog/nanlan-blog-server-egg/node_modules/egg-multipart/app/schedule/clean_tmpdir.js
2020-11-19 22:45:28,049 INFO 63996 [egg-schedule]: register schedule /Users/nanlan/Documents/my-project/react-project/nanlan-blog/nanlan-blog-server-egg/node_modules/egg-logrotator/app/schedule/clean_log.js
2020-11-19 22:45:28,049 INFO 63996 [egg-schedule]: register schedule /Users/nanlan/Documents/my-project/react-project/nanlan-blog/nanlan-blog-server-egg/node_modules/egg-logrotator/app/schedule/rotate_by_file.js
2020-11-19 22:47:23,476 INFO 64154 [egg-schedule]: register schedule /Users/nanlan/Documents/my-project/react-project/nanlan-blog/nanlan-blog-server-egg/node_modules/egg-multipart/app/schedule/clean_tmpdir.js
2020-11-19 22:47:23,476 INFO 64154 [egg-schedule]: register schedule /Users/nanlan/Documents/my-project/react-project/nanlan-blog/nanlan-blog-server-egg/node_modules/egg-logrotator/app/schedule/clean_log.js
2020-11-19 22:47:23,476 INFO 64154 [egg-schedule]: register schedule /Users/nanlan/Documents/my-project/react-project/nanlan-blog/nanlan-blog-server-egg/node_modules/egg-logrotator/app/schedule/rotate_by_file.js
2020-11-19 22:50:01,556 INFO 64341 [egg-schedule]: register schedule /Users/nanlan/Documents/my-project/react-project/nanlan-blog/nanlan-blog-server-egg/node_modules/egg-multipart/app/schedule/clean_tmpdir.js
2020-11-19 22:50:01,556 INFO 64341 [egg-schedule]: register schedule /Users/nanlan/Documents/my-project/react-project/nanlan-blog/nanlan-blog-server-egg/node_modules/egg-logrotator/app/schedule/clean_log.js
2020-11-19 22:50:01,556 INFO 64341 [egg-schedule]: register schedule /Users/nanlan/Documents/my-project/react-project/nanlan-blog/nanlan-blog-server-egg/node_modules/egg-logrotator/app/schedule/rotate_by_file.js
2020-11-19 22:50:03,688 INFO 64348 [egg-schedule]: register schedule /Users/nanlan/Documents/my-project/react-project/nanlan-blog/nanlan-blog-server-egg/node_modules/egg-multipart/app/schedule/clean_tmpdir.js
2020-11-19 22:50:03,688 INFO 64348 [egg-schedule]: register schedule /Users/nanlan/Documents/my-project/react-project/nanlan-blog/nanlan-blog-server-egg/node_modules/egg-logrotator/app/schedule/clean_log.js
2020-11-19 22:50:03,688 INFO 64348 [egg-schedule]: register schedule /Users/nanlan/Documents/my-project/react-project/nanlan-blog/nanlan-blog-server-egg/node_modules/egg-logrotator/app/schedule/rotate_by_file.js
2020-11-19 22:50:24,088 INFO 64450 [egg-schedule]: register schedule /Users/nanlan/Documents/my-project/react-project/nanlan-blog/nanlan-blog-server-egg/node_modules/egg-multipart/app/schedule/clean_tmpdir.js
2020-11-19 22:50:24,088 INFO 64450 [egg-schedule]: register schedule /Users/nanlan/Documents/my-project/react-project/nanlan-blog/nanlan-blog-server-egg/node_modules/egg-logrotator/app/schedule/clean_log.js
2020-11-19 22:50:24,088 INFO 64450 [egg-schedule]: register schedule /Users/nanlan/Documents/my-project/react-project/nanlan-blog/nanlan-blog-server-egg/node_modules/egg-logrotator/app/schedule/rotate_by_file.js
2020-11-19 22:50:24,672 INFO 64448 [Timer] /Users/nanlan/Documents/my-project/react-project/nanlan-blog/nanlan-blog-server-egg/node_modules/egg-multipart/app/schedule/clean_tmpdir.js next time will execute after 20375331ms at 2020-11-20 04:30:00.003
2020-11-19 22:50:24,672 INFO 64448 [Timer] /Users/nanlan/Documents/my-project/react-project/nanlan-blog/nanlan-blog-server-egg/node_modules/egg-logrotator/app/schedule/clean_log.js next time will execute after 4175328ms at 2020-11-20 00:00:00.000
2020-11-19 22:50:24,673 INFO 64448 [Timer] /Users/nanlan/Documents/my-project/react-project/nanlan-blog/nanlan-blog-server-egg/node_modules/egg-logrotator/app/schedule/rotate_by_file.js next time will execute after 4176328ms at 2020-11-20 00:00:01.001
2020-11-19 22:50:36,766 INFO 64489 [egg-schedule]: register schedule /Users/nanlan/Documents/my-project/react-project/nanlan-blog/nanlan-blog-server-egg/node_modules/egg-multipart/app/schedule/clean_tmpdir.js
2020-11-19 22:50:36,766 INFO 64489 [egg-schedule]: register schedule /Users/nanlan/Documents/my-project/react-project/nanlan-blog/nanlan-blog-server-egg/node_modules/egg-logrotator/app/schedule/clean_log.js
2020-11-19 22:50:36,766 INFO 64489 [egg-schedule]: register schedule /Users/nanlan/Documents/my-project/react-project/nanlan-blog/nanlan-blog-server-egg/node_modules/egg-logrotator/app/schedule/rotate_by_file.js
2020-11-19 22:51:27,990 INFO 64542 [egg-schedule]: register schedule /Users/nanlan/Documents/my-project/react-project/nanlan-blog/nanlan-blog-server-egg/node_modules/egg-multipart/app/schedule/clean_tmpdir.js
2020-11-19 22:51:27,990 INFO 64542 [egg-schedule]: register schedule /Users/nanlan/Documents/my-project/react-project/nanlan-blog/nanlan-blog-server-egg/node_modules/egg-logrotator/app/schedule/clean_log.js
2020-11-19 22:51:27,990 INFO 64542 [egg-schedule]: register schedule /Users/nanlan/Documents/my-project/react-project/nanlan-blog/nanlan-blog-server-egg/node_modules/egg-logrotator/app/schedule/rotate_by_file.js
2020-11-19 22:51:39,325 INFO 64573 [egg-schedule]: register schedule /Users/nanlan/Documents/my-project/react-project/nanlan-blog/nanlan-blog-server-egg/node_modules/egg-multipart/app/schedule/clean_tmpdir.js
2020-11-19 22:51:39,326 INFO 64573 [egg-schedule]: register schedule /Users/nanlan/Documents/my-project/react-project/nanlan-blog/nanlan-blog-server-egg/node_modules/egg-logrotator/app/schedule/clean_log.js
2020-11-19 22:51:39,326 INFO 64573 [egg-schedule]: register schedule /Users/nanlan/Documents/my-project/react-project/nanlan-blog/nanlan-blog-server-egg/node_modules/egg-logrotator/app/schedule/rotate_by_file.js
2020-11-19 22:51:49,225 INFO 64599 [egg-schedule]: register schedule /Users/nanlan/Documents/my-project/react-project/nanlan-blog/nanlan-blog-server-egg/node_modules/egg-multipart/app/schedule/clean_tmpdir.js
2020-11-19 22:51:49,225 INFO 64599 [egg-schedule]: register schedule /Users/nanlan/Documents/my-project/react-project/nanlan-blog/nanlan-blog-server-egg/node_modules/egg-logrotator/app/schedule/clean_log.js
2020-11-19 22:51:49,225 INFO 64599 [egg-schedule]: register schedule /Users/nanlan/Documents/my-project/react-project/nanlan-blog/nanlan-blog-server-egg/node_modules/egg-logrotator/app/schedule/rotate_by_file.js
2020-11-19 22:51:50,247 INFO 64609 [egg-schedule]: register schedule /Users/nanlan/Documents/my-project/react-project/nanlan-blog/nanlan-blog-server-egg/node_modules/egg-multipart/app/schedule/clean_tmpdir.js
2020-11-19 22:51:50,247 INFO 64609 [egg-schedule]: register schedule /Users/nanlan/Documents/my-project/react-project/nanlan-blog/nanlan-blog-server-egg/node_modules/egg-logrotator/app/schedule/clean_log.js
2020-11-19 22:51:50,247 INFO 64609 [egg-schedule]: register schedule /Users/nanlan/Documents/my-project/react-project/nanlan-blog/nanlan-blog-server-egg/node_modules/egg-logrotator/app/schedule/rotate_by_file.js
2020-11-19 22:51:59,171 INFO 64623 [egg-schedule]: register schedule /Users/nanlan/Documents/my-project/react-project/nanlan-blog/nanlan-blog-server-egg/node_modules/egg-multipart/app/schedule/clean_tmpdir.js
2020-11-19 22:51:59,171 INFO 64623 [egg-schedule]: register schedule /Users/nanlan/Documents/my-project/react-project/nanlan-blog/nanlan-blog-server-egg/node_modules/egg-logrotator/app/schedule/clean_log.js
2020-11-19 22:51:59,171 INFO 64623 [egg-schedule]: register schedule /Users/nanlan/Documents/my-project/react-project/nanlan-blog/nanlan-blog-server-egg/node_modules/egg-logrotator/app/schedule/rotate_by_file.js
2020-11-19 22:52:00,045 INFO 64624 [egg-schedule]: register schedule /Users/nanlan/Documents/my-project/react-project/nanlan-blog/nanlan-blog-server-egg/node_modules/egg-multipart/app/schedule/clean_tmpdir.js
2020-11-19 22:52:00,045 INFO 64624 [egg-schedule]: register schedule /Users/nanlan/Documents/my-project/react-project/nanlan-blog/nanlan-blog-server-egg/node_modules/egg-logrotator/app/schedule/clean_log.js
2020-11-19 22:52:00,045 INFO 64624 [egg-schedule]: register schedule /Users/nanlan/Documents/my-project/react-project/nanlan-blog/nanlan-blog-server-egg/node_modules/egg-logrotator/app/schedule/rotate_by_file.js
2020-11-19 22:53:01,793 INFO 64697 [egg-schedule]: register schedule /Users/nanlan/Documents/my-project/react-project/nanlan-blog/nanlan-blog-server-egg/node_modules/egg-multipart/app/schedule/clean_tmpdir.js
2020-11-19 22:53:01,794 INFO 64697 [egg-schedule]: register schedule /Users/nanlan/Documents/my-project/react-project/nanlan-blog/nanlan-blog-server-egg/node_modules/egg-logrotator/app/schedule/clean_log.js
2020-11-19 22:53:01,794 INFO 64697 [egg-schedule]: register schedule /Users/nanlan/Documents/my-project/react-project/nanlan-blog/nanlan-blog-server-egg/node_modules/egg-logrotator/app/schedule/rotate_by_file.js
2020-11-19 22:53:02,911 INFO 64707 [egg-schedule]: register schedule /Users/nanlan/Documents/my-project/react-project/nanlan-blog/nanlan-blog-server-egg/node_modules/egg-multipart/app/schedule/clean_tmpdir.js
2020-11-19 22:53:02,911 INFO 64707 [egg-schedule]: register schedule /Users/nanlan/Documents/my-project/react-project/nanlan-blog/nanlan-blog-server-egg/node_modules/egg-logrotator/app/schedule/clean_log.js
2020-11-19 22:53:02,911 INFO 64707 [egg-schedule]: register schedule /Users/nanlan/Documents/my-project/react-project/nanlan-blog/nanlan-blog-server-egg/node_modules/egg-logrotator/app/schedule/rotate_by_file.js
2020-11-19 22:53:24,238 INFO 64765 [egg-schedule]: register schedule /Users/nanlan/Documents/my-project/react-project/nanlan-blog/nanlan-blog-server-egg/node_modules/egg-multipart/app/schedule/clean_tmpdir.js
2020-11-19 22:53:24,238 INFO 64765 [egg-schedule]: register schedule /Users/nanlan/Documents/my-project/react-project/nanlan-blog/nanlan-blog-server-egg/node_modules/egg-logrotator/app/schedule/clean_log.js
2020-11-19 22:53:24,238 INFO 64765 [egg-schedule]: register schedule /Users/nanlan/Documents/my-project/react-project/nanlan-blog/nanlan-blog-server-egg/node_modules/egg-logrotator/app/schedule/rotate_by_file.js
2020-11-19 22:53:52,362 INFO 64822 [egg-schedule]: register schedule /Users/nanlan/Documents/my-project/react-project/nanlan-blog/nanlan-blog-server-egg/node_modules/egg-multipart/app/schedule/clean_tmpdir.js
2020-11-19 22:53:52,362 INFO 64822 [egg-schedule]: register schedule /Users/nanlan/Documents/my-project/react-project/nanlan-blog/nanlan-blog-server-egg/node_modules/egg-logrotator/app/schedule/clean_log.js
2020-11-19 22:53:52,362 INFO 64822 [egg-schedule]: register schedule /Users/nanlan/Documents/my-project/react-project/nanlan-blog/nanlan-blog-server-egg/node_modules/egg-logrotator/app/schedule/rotate_by_file.js
2020-11-19 22:54:28,192 INFO 64863 [egg-schedule]: register schedule /Users/nanlan/Documents/my-project/react-project/nanlan-blog/nanlan-blog-server-egg/node_modules/egg-multipart/app/schedule/clean_tmpdir.js
2020-11-19 22:54:28,192 INFO 64863 [egg-schedule]: register schedule /Users/nanlan/Documents/my-project/react-project/nanlan-blog/nanlan-blog-server-egg/node_modules/egg-logrotator/app/schedule/clean_log.js
2020-11-19 22:54:28,192 INFO 64863 [egg-schedule]: register schedule /Users/nanlan/Documents/my-project/react-project/nanlan-blog/nanlan-blog-server-egg/node_modules/egg-logrotator/app/schedule/rotate_by_file.js
2020-11-19 22:56:47,332 INFO 65023 [egg-schedule]: register schedule /Users/nanlan/Documents/my-project/react-project/nanlan-blog/nanlan-blog-server-egg/node_modules/egg-multipart/app/schedule/clean_tmpdir.js
2020-11-19 22:56:47,332 INFO 65023 [egg-schedule]: register schedule /Users/nanlan/Documents/my-project/react-project/nanlan-blog/nanlan-blog-server-egg/node_modules/egg-logrotator/app/schedule/clean_log.js
2020-11-19 22:56:47,332 INFO 65023 [egg-schedule]: register schedule /Users/nanlan/Documents/my-project/react-project/nanlan-blog/nanlan-blog-server-egg/node_modules/egg-logrotator/app/schedule/rotate_by_file.js
2020-11-19 22:57:00,277 INFO 65075 [egg-schedule]: register schedule /Users/nanlan/Documents/my-project/react-project/nanlan-blog/nanlan-blog-server-egg/node_modules/egg-multipart/app/schedule/clean_tmpdir.js
2020-11-19 22:57:00,277 INFO 65075 [egg-schedule]: register schedule /Users/nanlan/Documents/my-project/react-project/nanlan-blog/nanlan-blog-server-egg/node_modules/egg-logrotator/app/schedule/clean_log.js
2020-11-19 22:57:00,277 INFO 65075 [egg-schedule]: register schedule /Users/nanlan/Documents/my-project/react-project/nanlan-blog/nanlan-blog-server-egg/node_modules/egg-logrotator/app/schedule/rotate_by_file.js
2020-11-19 22:57:17,206 INFO 65105 [egg-schedule]: register schedule /Users/nanlan/Documents/my-project/react-project/nanlan-blog/nanlan-blog-server-egg/node_modules/egg-multipart/app/schedule/clean_tmpdir.js
2020-11-19 22:57:17,206 INFO 65105 [egg-schedule]: register schedule /Users/nanlan/Documents/my-project/react-project/nanlan-blog/nanlan-blog-server-egg/node_modules/egg-logrotator/app/schedule/clean_log.js
2020-11-19 22:57:17,206 INFO 65105 [egg-schedule]: register schedule /Users/nanlan/Documents/my-project/react-project/nanlan-blog/nanlan-blog-server-egg/node_modules/egg-logrotator/app/schedule/rotate_by_file.js
2020-11-19 22:58:54,707 INFO 65207 [egg-schedule]: register schedule /Users/nanlan/Documents/my-project/react-project/nanlan-blog/nanlan-blog-server-egg/node_modules/egg-multipart/app/schedule/clean_tmpdir.js
2020-11-19 22:58:54,707 INFO 65207 [egg-schedule]: register schedule /Users/nanlan/Documents/my-project/react-project/nanlan-blog/nanlan-blog-server-egg/node_modules/egg-logrotator/app/schedule/clean_log.js
2020-11-19 22:58:54,707 INFO 65207 [egg-schedule]: register schedule /Users/nanlan/Documents/my-project/react-project/nanlan-blog/nanlan-blog-server-egg/node_modules/egg-logrotator/app/schedule/rotate_by_file.js
2020-11-19 22:58:55,820 INFO 65223 [egg-schedule]: register schedule /Users/nanlan/Documents/my-project/react-project/nanlan-blog/nanlan-blog-server-egg/node_modules/egg-multipart/app/schedule/clean_tmpdir.js
2020-11-19 22:58:55,820 INFO 65223 [egg-schedule]: register schedule /Users/nanlan/Documents/my-project/react-project/nanlan-blog/nanlan-blog-server-egg/node_modules/egg-logrotator/app/schedule/clean_log.js
2020-11-19 22:58:55,820 INFO 65223 [egg-schedule]: register schedule /Users/nanlan/Documents/my-project/react-project/nanlan-blog/nanlan-blog-server-egg/node_modules/egg-logrotator/app/schedule/rotate_by_file.js
2020-11-19 23:00:12,986 INFO 65338 [egg-schedule]: register schedule /Users/nanlan/Documents/my-project/react-project/nanlan-blog/nanlan-blog-server-egg/node_modules/egg-multipart/app/schedule/clean_tmpdir.js
2020-11-19 23:00:12,986 INFO 65338 [egg-schedule]: register schedule /Users/nanlan/Documents/my-project/react-project/nanlan-blog/nanlan-blog-server-egg/node_modules/egg-logrotator/app/schedule/clean_log.js
2020-11-19 23:00:12,986 INFO 65338 [egg-schedule]: register schedule /Users/nanlan/Documents/my-project/react-project/nanlan-blog/nanlan-blog-server-egg/node_modules/egg-logrotator/app/schedule/rotate_by_file.js
2020-11-19 23:02:25,524 INFO 65455 [egg-schedule]: register schedule /Users/nanlan/Documents/my-project/react-project/nanlan-blog/nanlan-blog-server-egg/node_modules/egg-multipart/app/schedule/clean_tmpdir.js
2020-11-19 23:02:25,524 INFO 65455 [egg-schedule]: register schedule /Users/nanlan/Documents/my-project/react-project/nanlan-blog/nanlan-blog-server-egg/node_modules/egg-logrotator/app/schedule/clean_log.js
2020-11-19 23:02:25,524 INFO 65455 [egg-schedule]: register schedule /Users/nanlan/Documents/my-project/react-project/nanlan-blog/nanlan-blog-server-egg/node_modules/egg-logrotator/app/schedule/rotate_by_file.js
2020-11-19 23:04:18,554 INFO 65637 [egg-schedule]: register schedule /Users/nanlan/Documents/my-project/react-project/nanlan-blog/nanlan-blog-server-egg/node_modules/egg-multipart/app/schedule/clean_tmpdir.js
2020-11-19 23:04:18,554 INFO 65637 [egg-schedule]: register schedule /Users/nanlan/Documents/my-project/react-project/nanlan-blog/nanlan-blog-server-egg/node_modules/egg-logrotator/app/schedule/clean_log.js
2020-11-19 23:04:18,554 INFO 65637 [egg-schedule]: register schedule /Users/nanlan/Documents/my-project/react-project/nanlan-blog/nanlan-blog-server-egg/node_modules/egg-logrotator/app/schedule/rotate_by_file.js
